Using pre-set license
Built from '6000.0/staging' branch; Version is '6000.0.34f1 (5ab2d9ed9190) revision 5944025'; Using compiler version '193933523'; Build Type 'Release'
OS: 'Windows 11  (10.0.26100) 64bit Core' Language: 'fr' Physical Memory: 16024 MB
BatchMode: 1, IsHumanControllingUs: 0, StartBugReporterOnCrash: 0, Is64bit: 1, IsPro: 1

COMMAND LINE ARGUMENTS:
C:\Program Files\Unity\Hub\Editor\6000.0.34f1\Editor\Unity.exe
-adb2
-batchMode
-noUpm
-name
AssetImportWorker3
-projectPath
C:/Users/hugob/Documents/Ynov/Unity/Mini_fps/Projet_Autonomie
-logFile
Logs/AssetImportWorker3.log
-srvPort
44080
-job-worker-count
7
-background-job-worker-count
8
-gc-helper-count
1
Successfully changed project path to: C:/Users/hugob/Documents/Ynov/Unity/Mini_fps/Projet_Autonomie
C:/Users/hugob/Documents/Ynov/Unity/Mini_fps/Projet_Autonomie
[UnityMemory] Configuration Parameters - Can be set up in boot.config
    "memorysetup-bucket-allocator-granularity=16"
    "memorysetup-bucket-allocator-bucket-count=8"
    "memorysetup-bucket-allocator-block-size=33554432"
    "memorysetup-bucket-allocator-block-count=8"
    "memorysetup-main-allocator-block-size=16777216"
    "memorysetup-thread-allocator-block-size=16777216"
    "memorysetup-gfx-main-allocator-block-size=16777216"
    "memorysetup-gfx-thread-allocator-block-size=16777216"
    "memorysetup-cache-allocator-block-size=4194304"
    "memorysetup-typetree-allocator-block-size=2097152"
    "memorysetup-profiler-bucket-allocator-granularity=16"
    "memorysetup-profiler-bucket-allocator-bucket-count=8"
    "memorysetup-profiler-bucket-allocator-block-size=33554432"
    "memorysetup-profiler-bucket-allocator-block-count=8"
    "memorysetup-profiler-allocator-block-size=16777216"
    "memorysetup-profiler-editor-allocator-block-size=1048576"
    "memorysetup-temp-allocator-size-main=16777216"
    "memorysetup-job-temp-allocator-block-size=2097152"
    "memorysetup-job-temp-allocator-block-size-background=1048576"
    "memorysetup-job-temp-allocator-reduction-small-platforms=262144"
    "memorysetup-allocator-temp-initial-block-size-main=262144"
    "memorysetup-allocator-temp-initial-block-size-worker=262144"
    "memorysetup-temp-allocator-size-background-worker=32768"
    "memorysetup-temp-allocator-size-job-worker=262144"
    "memorysetup-temp-allocator-size-preload-manager=33554432"
    "memorysetup-temp-allocator-size-nav-mesh-worker=65536"
    "memorysetup-temp-allocator-size-audio-worker=65536"
    "memorysetup-temp-allocator-size-cloud-worker=32768"
    "memorysetup-temp-allocator-size-gi-baking-worker=262144"
    "memorysetup-temp-allocator-size-gi-baking-worker=262144"
    "memorysetup-temp-allocator-size-gi-baking-worker=262144"
    "memorysetup-temp-allocator-size-gi-baking-worker=262144"
    "memorysetup-temp-allocator-size-gi-baking-worker=262144"
    "memorysetup-temp-allocator-size-gfx=262144"
Player connection [28052]  Target information:

Player connection [28052]  * "[IP] 192.168.1.1 [Port] 0 [Flags] 2 [Guid] 3691440447 [EditorId] 3691440447 [Version] 1048832 [Id] WindowsEditor(7,Maki) [Debug] 1 [PackageName] WindowsEditor [ProjectName] Editor" 

Player connection [28052]  * "[IP] 192.168.56.1 [Port] 0 [Flags] 2 [Guid] 3691440447 [EditorId] 3691440447 [Version] 1048832 [Id] WindowsEditor(7,Maki) [Debug] 1 [PackageName] WindowsEditor [ProjectName] Editor" 

Player connection [28052]  * "[IP] 192.168.5.1 [Port] 0 [Flags] 2 [Guid] 3691440447 [EditorId] 3691440447 [Version] 1048832 [Id] WindowsEditor(7,Maki) [Debug] 1 [PackageName] WindowsEditor [ProjectName] Editor" 

Player connection [28052]  * "[IP] 172.16.13.1 [Port] 0 [Flags] 2 [Guid] 3691440447 [EditorId] 3691440447 [Version] 1048832 [Id] WindowsEditor(7,Maki) [Debug] 1 [PackageName] WindowsEditor [ProjectName] Editor" 

Player connection [28052]  * "[IP] 192.168.128.1 [Port] 0 [Flags] 2 [Guid] 3691440447 [EditorId] 3691440447 [Version] 1048832 [Id] WindowsEditor(7,Maki) [Debug] 1 [PackageName] WindowsEditor [ProjectName] Editor" 

Player connection [28052]  * "[IP] 192.168.136.175 [Port] 0 [Flags] 2 [Guid] 3691440447 [EditorId] 3691440447 [Version] 1048832 [Id] WindowsEditor(7,Maki) [Debug] 1 [PackageName] WindowsEditor [ProjectName] Editor" 

Player connection [28052] Host joined multi-casting on [225.0.0.222:54997]...
Player connection [28052] Host joined alternative multi-casting on [225.0.0.222:34997]...
JobSystem: Creating JobQueue using job-worker-count value 7
Input System module state changed to: Initialized.
[Physics::Module] Initialized fallback backend.
[Physics::Module] Id: 0xdecafbad
Library Redirect Path: Library/
[Physics::Module] Selected backend.
[Physics::Module] Name: PhysX
[Physics::Module] Id: 0xf2b8ea05
[Physics::Module] SDK Version: 4.1.2
[Physics::Module] Integration Version: 1.0.0
[Physics::Module] Threading Mode: Multi-Threaded
Refreshing native plugins compatible for Editor in 29.84 ms, found 2 plugins.
Preloading 0 native plugins for Editor in 0.00 ms.
Initialize engine version: 6000.0.34f1 (5ab2d9ed9190)
[Subsystems] Discovering subsystems at path C:/Program Files/Unity/Hub/Editor/6000.0.34f1/Editor/Data/Resources/UnitySubsystems
[Subsystems] Discovering subsystems at path C:/Users/hugob/Documents/Ynov/Unity/Mini_fps/Projet_Autonomie/Assets
GfxDevice: creating device client; kGfxThreadingModeNonThreaded
Direct3D:
    Version:  Direct3D 11.0 [level 11.1]
    Renderer: Intel(R) Iris(R) Xe Graphics (ID=0xa7a0)
    Vendor:   Intel
    VRAM:     8012 MB
    Driver:   31.0.101.5186
Initialize mono
Mono path[0] = 'C:/Program Files/Unity/Hub/Editor/6000.0.34f1/Editor/Data/Managed'
Mono path[1] = 'C:/Program Files/Unity/Hub/Editor/6000.0.34f1/Editor/Data/MonoBleedingEdge/lib/mono/unityjit-win32'
Mono config path = 'C:/Program Files/Unity/Hub/Editor/6000.0.34f1/Editor/Data/MonoBleedingEdge/etc'
Using monoOptions --debugger-agent=transport=dt_socket,embedding=1,server=y,suspend=n,address=127.0.0.1:56764
Begin MonoManager ReloadAssembly
Registering precompiled unity dll's ...
Register platform support module: C:/Program Files/Unity/Hub/Editor/6000.0.34f1/Editor/Data/PlaybackEngines/WindowsStandaloneSupport/UnityEditor.WindowsStandalone.Extensions.dll
Registered in 0.016362 seconds.
- Loaded All Assemblies, in  1.115 seconds
Native extension for WindowsStandalone target not found
Mono: successfully reloaded assembly
- Finished resetting the current domain, in  1.028 seconds
Domain Reload Profiling: 2132ms
	BeginReloadAssembly (397ms)
		ExecutionOrderSort (0ms)
		DisableScriptedObjects (0ms)
		BackupInstance (0ms)
		ReleaseScriptingObjects (0ms)
		CreateAndSetChildDomain (2ms)
	RebuildCommonClasses (105ms)
	RebuildNativeTypeToScriptingClass (30ms)
	initialDomainReloadingComplete (162ms)
	LoadAllAssembliesAndSetupDomain (409ms)
		LoadAssemblies (386ms)
		RebuildTransferFunctionScriptingTraits (0ms)
		AnalyzeDomain (401ms)
			TypeCache.Refresh (398ms)
				TypeCache.ScanAssembly (368ms)
			BuildScriptInfoCaches (0ms)
			ResolveRequiredComponents (1ms)
	FinalizeReload (1029ms)
		ReleaseScriptCaches (0ms)
		RebuildScriptCaches (0ms)
		SetupLoadedEditorAssemblies (941ms)
			LogAssemblyErrors (0ms)
			InitializePlatformSupportModulesInManaged (82ms)
			SetLoadedEditorAssemblies (14ms)
			BeforeProcessingInitializeOnLoad (167ms)
			ProcessInitializeOnLoadAttributes (511ms)
			ProcessInitializeOnLoadMethodAttributes (166ms)
			AfterProcessingInitializeOnLoad (0ms)
			EditorAssembliesLoaded (0ms)
		ExecutionOrderSort2 (0ms)
		AwakeInstancesAfterBackupRestoration (0ms)
========================================================================
Worker process is ready to serve import requests
Import Worker Mode flag is 0x00
Begin MonoManager ReloadAssembly
Symbol file LoadedFromMemory is not a mono symbol file
- Loaded All Assemblies, in  2.627 seconds
Refreshing native plugins compatible for Editor in 18.02 ms, found 2 plugins.
Native extension for WindowsStandalone target not found
Refreshing native plugins compatible for Editor in 18.32 ms, found 2 plugins.
[MODES] ModeService[none].Initialize
[MODES] ModeService[none].LoadModes
[MODES] Loading mode Default (0) for mode-current-id-Projet_Autonomie
Mono: successfully reloaded assembly
- Finished resetting the current domain, in  3.216 seconds
Domain Reload Profiling: 5811ms
	BeginReloadAssembly (467ms)
		ExecutionOrderSort (0ms)
		DisableScriptedObjects (14ms)
		BackupInstance (0ms)
		ReleaseScriptingObjects (0ms)
		CreateAndSetChildDomain (63ms)
	RebuildCommonClasses (104ms)
	RebuildNativeTypeToScriptingClass (35ms)
	initialDomainReloadingComplete (127ms)
	LoadAllAssembliesAndSetupDomain (1862ms)
		LoadAssemblies (1320ms)
		RebuildTransferFunctionScriptingTraits (0ms)
		AnalyzeDomain (836ms)
			TypeCache.Refresh (549ms)
				TypeCache.ScanAssembly (500ms)
			BuildScriptInfoCaches (245ms)
			ResolveRequiredComponents (30ms)
	FinalizeReload (3217ms)
		ReleaseScriptCaches (0ms)
		RebuildScriptCaches (0ms)
		SetupLoadedEditorAssemblies (2796ms)
			LogAssemblyErrors (0ms)
			InitializePlatformSupportModulesInManaged (8ms)
			SetLoadedEditorAssemblies (18ms)
			BeforeProcessingInitializeOnLoad (446ms)
			ProcessInitializeOnLoadAttributes (1593ms)
			ProcessInitializeOnLoadMethodAttributes (711ms)
			AfterProcessingInitializeOnLoad (20ms)
			EditorAssembliesLoaded (1ms)
		ExecutionOrderSort2 (0ms)
		AwakeInstancesAfterBackupRestoration (20ms)
Launched and connected shader compiler UnityShaderCompiler.exe after 0.03 seconds
Refreshing native plugins compatible for Editor in 15.20 ms, found 2 plugins.
Preloading 0 native plugins for Editor in 0.00 ms.
Unloading 232 Unused Serialized files (Serialized files now loaded: 0)
Unloading 5796 unused Assets / (3.8 MB). Loaded Objects now: 6492.
Memory consumption went from 174.2 MB to 170.4 MB.
Total: 26.767300 ms (FindLiveObjects: 1.068000 ms CreateObjectMapping: 0.532800 ms MarkObjects: 20.940800 ms  DeleteObjects: 4.222800 ms)

========================================================================
Received Import Request.
  Time since last request: 6417.973361 seconds.
  path: Assets/Game/FPS/Prefabs/Level/Floors/Floor_3x3.prefab
  artifactKey: Guid(d5920ec2e9589fa49af231931214586b) Importer(815301076,1909f56bfc062723c751e8b465ee728b)
Start importing Assets/Game/FPS/Prefabs/Level/Floors/Floor_3x3.prefab using Guid(d5920ec2e9589fa49af231931214586b) Importer(815301076,1909f56bfc062723c751e8b465ee728b) (PreviewImporter) -> (artifact id: '3c44bfc411b200438718cc5b91f60cdc') in 1.3015406 seconds
Number of updated asset objects reloaded before import = 0Number of asset objects unloaded after import = 95

========================================================================
Received Import Request.
  Time since last request: 0.000114 seconds.
  path: Assets/Game/FPS/Prefabs/Level/Dungeon/Dun_Fork.prefab
  artifactKey: Guid(0a5a49e8197f8d34e90e825e26c9ecb2) Importer(815301076,1909f56bfc062723c751e8b465ee728b)
Start importing Assets/Game/FPS/Prefabs/Level/Dungeon/Dun_Fork.prefab using Guid(0a5a49e8197f8d34e90e825e26c9ecb2) Importer(815301076,1909f56bfc062723c751e8b465ee728b) (PreviewImporter) -> (artifact id: '5ebf45b5d432ead73a70897630d9c706') in 0.0588409 seconds
Number of updated asset objects reloaded before import = 0Number of asset objects unloaded after import = 759

========================================================================
Received Import Request.
  Time since last request: 0.000075 seconds.
  path: Assets/Game/FPS/Prefabs/Level/Dungeon/Dun_Wall_Open.prefab
  artifactKey: Guid(1e4bd8ac328e4bb4fbbee62ca0f24a98) Importer(815301076,1909f56bfc062723c751e8b465ee728b)
Start importing Assets/Game/FPS/Prefabs/Level/Dungeon/Dun_Wall_Open.prefab using Guid(1e4bd8ac328e4bb4fbbee62ca0f24a98) Importer(815301076,1909f56bfc062723c751e8b465ee728b) (PreviewImporter) -> (artifact id: '3ddbea92f76793da6a10221fd4534ac0') in 0.0512445 seconds
Number of updated asset objects reloaded before import = 0Number of asset objects unloaded after import = 86

========================================================================
Received Import Request.
  Time since last request: 0.000045 seconds.
  path: Packages/com.unity.render-pipelines.core/Runtime/Debugging/Prefabs/Widgets/DebugUIEnumField.prefab
  artifactKey: Guid(988db55689193434fb0b3b89538f978f) Importer(815301076,1909f56bfc062723c751e8b465ee728b)
Start importing Packages/com.unity.render-pipelines.core/Runtime/Debugging/Prefabs/Widgets/DebugUIEnumField.prefab using Guid(988db55689193434fb0b3b89538f978f) Importer(815301076,1909f56bfc062723c751e8b465ee728b) (PreviewImporter) -> (artifact id: '475319ea45f02bcd8616112d955cad35') in 0.0241928 seconds
Number of updated asset objects reloaded before import = 0Number of asset objects unloaded after import = 27

========================================================================
Received Import Request.
  Time since last request: 0.000047 seconds.
  path: Packages/com.unity.render-pipelines.core/Runtime/Debugging/Prefabs/Widgets/DebugUIVector2.prefab
  artifactKey: Guid(326f7c58aed965d41bf7805a782d1e44) Importer(815301076,1909f56bfc062723c751e8b465ee728b)
Start importing Packages/com.unity.render-pipelines.core/Runtime/Debugging/Prefabs/Widgets/DebugUIVector2.prefab using Guid(326f7c58aed965d41bf7805a782d1e44) Importer(815301076,1909f56bfc062723c751e8b465ee728b) (PreviewImporter) -> (artifact id: 'ef613333f33e35550ed1d8571866854c') in 0.021421 seconds
Number of updated asset objects reloaded before import = 0Number of asset objects unloaded after import = 56

========================================================================
Received Import Request.
  Time since last request: 0.000068 seconds.
  path: Assets/Game/ModAssets/Prefabs/Trail Prefabs/FireTrail.prefab
  artifactKey: Guid(dfa71f3ca0c2e408c855c56585bfbaad) Importer(815301076,1909f56bfc062723c751e8b465ee728b)
Start importing Assets/Game/ModAssets/Prefabs/Trail Prefabs/FireTrail.prefab using Guid(dfa71f3ca0c2e408c855c56585bfbaad) Importer(815301076,1909f56bfc062723c751e8b465ee728b) (PreviewImporter) -> (artifact id: '592faab65b6807ea1ca0dd6ff1d018a6') in 0.043341 seconds
Number of updated asset objects reloaded before import = 0Number of asset objects unloaded after import = 6

========================================================================
Received Import Request.
  Time since last request: 0.000047 seconds.
  path: Assets/Game/FPS/Prefabs/Level/Dungeon/Dun_BigDoor.prefab
  artifactKey: Guid(7bb3ef68f11ffa04fac728ad3fdaccc7) Importer(815301076,1909f56bfc062723c751e8b465ee728b)
Start importing Assets/Game/FPS/Prefabs/Level/Dungeon/Dun_BigDoor.prefab using Guid(7bb3ef68f11ffa04fac728ad3fdaccc7) Importer(815301076,1909f56bfc062723c751e8b465ee728b) (PreviewImporter) -> (artifact id: '2c46d19d6c0d33427812c89337738082') in 0.0381817 seconds
Number of updated asset objects reloaded before import = 0Number of asset objects unloaded after import = 18

========================================================================
Received Import Request.
  Time since last request: 0.000051 seconds.
  path: Packages/com.unity.render-pipelines.core/Runtime/Debugging/Prefabs/Widgets/DebugUIObjectList.prefab
  artifactKey: Guid(ad83bc56407925d44a77a5bd01cd6783) Importer(815301076,1909f56bfc062723c751e8b465ee728b)
Start importing Packages/com.unity.render-pipelines.core/Runtime/Debugging/Prefabs/Widgets/DebugUIObjectList.prefab using Guid(ad83bc56407925d44a77a5bd01cd6783) Importer(815301076,1909f56bfc062723c751e8b465ee728b) (PreviewImporter) -> (artifact id: '6bd36c81cbfbaedefe90e50feddaf884') in 0.0080795 seconds
Number of updated asset objects reloaded before import = 0Number of asset objects unloaded after import = 27

========================================================================
Received Import Request.
  Time since last request: 0.000110 seconds.
  path: Packages/com.unity.render-pipelines.core/Runtime/Debugging/Prefabs/Widgets/DebugUIColor.prefab
  artifactKey: Guid(77c185820dd1a464eac89cae3abccddf) Importer(815301076,1909f56bfc062723c751e8b465ee728b)
Start importing Packages/com.unity.render-pipelines.core/Runtime/Debugging/Prefabs/Widgets/DebugUIColor.prefab using Guid(77c185820dd1a464eac89cae3abccddf) Importer(815301076,1909f56bfc062723c751e8b465ee728b) (PreviewImporter) -> (artifact id: '339e97f510014f7f5873c138bdea4e53') in 0.0108684 seconds
Number of updated asset objects reloaded before import = 0Number of asset objects unloaded after import = 82

========================================================================
Received Import Request.
  Time since last request: 0.000052 seconds.
  path: Packages/com.unity.render-pipelines.core/Runtime/Debugging/Prefabs/Widgets/DebugUIValue.prefab
  artifactKey: Guid(dc0f88987826e6e48b1fe9c7c2b53a53) Importer(815301076,1909f56bfc062723c751e8b465ee728b)
Start importing Packages/com.unity.render-pipelines.core/Runtime/Debugging/Prefabs/Widgets/DebugUIValue.prefab using Guid(dc0f88987826e6e48b1fe9c7c2b53a53) Importer(815301076,1909f56bfc062723c751e8b465ee728b) (PreviewImporter) -> (artifact id: '5e6ea77415b3b603a130c4597c81f512') in 0.0079613 seconds
Number of updated asset objects reloaded before import = 0Number of asset objects unloaded after import = 15

========================================================================
Received Import Request.
  Time since last request: 0.000044 seconds.
  path: Assets/Game/FPS/Prefabs/VFX/Directional Light.prefab
  artifactKey: Guid(c1f95b2a073069e4091731002c38a3df) Importer(815301076,1909f56bfc062723c751e8b465ee728b)
Start importing Assets/Game/FPS/Prefabs/VFX/Directional Light.prefab using Guid(c1f95b2a073069e4091731002c38a3df) Importer(815301076,1909f56bfc062723c751e8b465ee728b) (PreviewImporter) -> (artifact id: 'a7e5c2596dda554de2a7d6e1c6caa0a0') in 0.0417206 seconds
Number of updated asset objects reloaded before import = 0Number of asset objects unloaded after import = 19

========================================================================
Received Import Request.
  Time since last request: 0.000070 seconds.
  path: Assets/Game/FPS/Prefabs/Level/Dungeon/Dun_Descent.prefab
  artifactKey: Guid(91e047326c7121248bcdf81ab6f4a6fa) Importer(815301076,1909f56bfc062723c751e8b465ee728b)
Start importing Assets/Game/FPS/Prefabs/Level/Dungeon/Dun_Descent.prefab using Guid(91e047326c7121248bcdf81ab6f4a6fa) Importer(815301076,1909f56bfc062723c751e8b465ee728b) (PreviewImporter) -> (artifact id: '8c5c88680488e0d422276fec3303e6fc') in 0.0585012 seconds
Number of updated asset objects reloaded before import = 0Number of asset objects unloaded after import = 705

========================================================================
Received Import Request.
  Time since last request: 0.000062 seconds.
  path: Assets/Game/FPS/Prefabs/Level/Floors/Floor_Small.prefab
  artifactKey: Guid(0ffe003860209834b850f3d6e951af2e) Importer(815301076,1909f56bfc062723c751e8b465ee728b)
Start importing Assets/Game/FPS/Prefabs/Level/Floors/Floor_Small.prefab using Guid(0ffe003860209834b850f3d6e951af2e) Importer(815301076,1909f56bfc062723c751e8b465ee728b) (PreviewImporter) -> (artifact id: '2ff69c7d578b8ed3acba690cfc93de3a') in 0.0489071 seconds
Number of updated asset objects reloaded before import = 0Number of asset objects unloaded after import = 759

========================================================================
Received Import Request.
  Time since last request: 14.150527 seconds.
  path: Assets/Game/ModAssets/Prefabs/Trail Prefabs/LaserTrail.prefab
  artifactKey: Guid(c6e20ffe6d2b946fb9896031aa048f90) Importer(815301076,1909f56bfc062723c751e8b465ee728b)
Start importing Assets/Game/ModAssets/Prefabs/Trail Prefabs/LaserTrail.prefab using Guid(c6e20ffe6d2b946fb9896031aa048f90) Importer(815301076,1909f56bfc062723c751e8b465ee728b) (PreviewImporter) -> (artifact id: '08d4ef58b960928cc3bc79386d5b9ab5') in 0.0492094 seconds
Number of updated asset objects reloaded before import = 0Number of asset objects unloaded after import = 6

========================================================================
Received Import Request.
  Time since last request: 0.000057 seconds.
  path: Assets/Game/FPS/Prefabs/ObjectiveReachPoint.prefab
  artifactKey: Guid(d401b602eddc4e449b385a053f012a4c) Importer(815301076,1909f56bfc062723c751e8b465ee728b)
Start importing Assets/Game/FPS/Prefabs/ObjectiveReachPoint.prefab using Guid(d401b602eddc4e449b385a053f012a4c) Importer(815301076,1909f56bfc062723c751e8b465ee728b) (PreviewImporter) -> (artifact id: 'f612aea1250b017392c29bb4f32a83b8') in 0.061762 seconds
Number of updated asset objects reloaded before import = 0Number of asset objects unloaded after import = 21

========================================================================
Received Import Request.
  Time since last request: 0.000063 seconds.
  path: Assets/Game/FPS/Prefabs/UI/NotificationToast.prefab
  artifactKey: Guid(791e30b832d8b814c82d519317a16e6d) Importer(815301076,1909f56bfc062723c751e8b465ee728b)
Start importing Assets/Game/FPS/Prefabs/UI/NotificationToast.prefab using Guid(791e30b832d8b814c82d519317a16e6d) Importer(815301076,1909f56bfc062723c751e8b465ee728b) (PreviewImporter) -> (artifact id: '83a5c125991eca2be7a9c5142eab41ad') in 0.0433985 seconds
Number of updated asset objects reloaded before import = 0Number of asset objects unloaded after import = 21

========================================================================
Received Import Request.
  Time since last request: 0.000048 seconds.
  path: Assets/Game/FPS/Prefabs/Level/MainLvl/Section1/Observatory_Ramp.prefab
  artifactKey: Guid(cf150224d27671b43b579910ad5ce98c) Importer(815301076,1909f56bfc062723c751e8b465ee728b)
Start importing Assets/Game/FPS/Prefabs/Level/MainLvl/Section1/Observatory_Ramp.prefab using Guid(cf150224d27671b43b579910ad5ce98c) Importer(815301076,1909f56bfc062723c751e8b465ee728b) (PreviewImporter) -> (artifact id: '3649097c80f74d5427a16a48424ad394') in 0.0605687 seconds
Number of updated asset objects reloaded before import = 0Number of asset objects unloaded after import = 367

========================================================================
Received Import Request.
  Time since last request: 0.000081 seconds.
  path: Assets/Game/FPS/Prefabs/PBObjects/Ramps/PBRamp_3m.prefab
  artifactKey: Guid(ad782b64af8253a4d93ead7507322ce2) Importer(815301076,1909f56bfc062723c751e8b465ee728b)
Start importing Assets/Game/FPS/Prefabs/PBObjects/Ramps/PBRamp_3m.prefab using Guid(ad782b64af8253a4d93ead7507322ce2) Importer(815301076,1909f56bfc062723c751e8b465ee728b) (PreviewImporter) -> (artifact id: 'b641978f7b19e10b3ca0ce240f703612') in 0.0560218 seconds
Number of updated asset objects reloaded before import = 0Number of asset objects unloaded after import = 29

Editor requested this worker to shutdown with reason: Scaling down because of idle timeout
AssetImportWorker is now disconnected from the server
Process exiting
Exiting without the bug reporter. Application will terminate with return code 0