Using pre-set license
Built from '6000.0/staging' branch; Version is '6000.0.34f1 (5ab2d9ed9190) revision 5944025'; Using compiler version '193933523'; Build Type 'Release'
OS: 'Windows 11  (10.0.26100) 64bit Core' Language: 'fr' Physical Memory: 16024 MB
BatchMode: 1, IsHumanControllingUs: 0, StartBugReporterOnCrash: 0, Is64bit: 1, IsPro: 1

COMMAND LINE ARGUMENTS:
C:\Program Files\Unity\Hub\Editor\6000.0.34f1\Editor\Unity.exe
-adb2
-batchMode
-noUpm
-name
AssetImportWorker1
-projectPath
C:/Users/hugob/Documents/Ynov/Unity/Mini_fps/Projet_Autonomie
-logFile
Logs/AssetImportWorker1.log
-srvPort
44080
-job-worker-count
7
-background-job-worker-count
8
-gc-helper-count
1
Successfully changed project path to: C:/Users/hugob/Documents/Ynov/Unity/Mini_fps/Projet_Autonomie
C:/Users/hugob/Documents/Ynov/Unity/Mini_fps/Projet_Autonomie
[UnityMemory] Configuration Parameters - Can be set up in boot.config
    "memorysetup-bucket-allocator-granularity=16"
    "memorysetup-bucket-allocator-bucket-count=8"
    "memorysetup-bucket-allocator-block-size=33554432"
    "memorysetup-bucket-allocator-block-count=8"
    "memorysetup-main-allocator-block-size=16777216"
    "memorysetup-thread-allocator-block-size=16777216"
    "memorysetup-gfx-main-allocator-block-size=16777216"
    "memorysetup-gfx-thread-allocator-block-size=16777216"
    "memorysetup-cache-allocator-block-size=4194304"
    "memorysetup-typetree-allocator-block-size=2097152"
    "memorysetup-profiler-bucket-allocator-granularity=16"
    "memorysetup-profiler-bucket-allocator-bucket-count=8"
    "memorysetup-profiler-bucket-allocator-block-size=33554432"
    "memorysetup-profiler-bucket-allocator-block-count=8"
    "memorysetup-profiler-allocator-block-size=16777216"
    "memorysetup-profiler-editor-allocator-block-size=1048576"
    "memorysetup-temp-allocator-size-main=16777216"
    "memorysetup-job-temp-allocator-block-size=2097152"
    "memorysetup-job-temp-allocator-block-size-background=1048576"
    "memorysetup-job-temp-allocator-reduction-small-platforms=262144"
    "memorysetup-allocator-temp-initial-block-size-main=262144"
    "memorysetup-allocator-temp-initial-block-size-worker=262144"
    "memorysetup-temp-allocator-size-background-worker=32768"
    "memorysetup-temp-allocator-size-job-worker=262144"
    "memorysetup-temp-allocator-size-preload-manager=33554432"
    "memorysetup-temp-allocator-size-nav-mesh-worker=65536"
    "memorysetup-temp-allocator-size-audio-worker=65536"
    "memorysetup-temp-allocator-size-cloud-worker=32768"
    "memorysetup-temp-allocator-size-gi-baking-worker=262144"
    "memorysetup-temp-allocator-size-gi-baking-worker=262144"
    "memorysetup-temp-allocator-size-gi-baking-worker=262144"
    "memorysetup-temp-allocator-size-gi-baking-worker=262144"
    "memorysetup-temp-allocator-size-gi-baking-worker=262144"
    "memorysetup-temp-allocator-size-gfx=262144"
Player connection [22924]  Target information:

Player connection [22924]  * "[IP] 192.168.1.1 [Port] 0 [Flags] 2 [Guid] 268451058 [EditorId] 268451058 [Version] 1048832 [Id] WindowsEditor(7,Maki) [Debug] 1 [PackageName] WindowsEditor [ProjectName] Editor" 

Player connection [22924]  * "[IP] 192.168.56.1 [Port] 0 [Flags] 2 [Guid] 268451058 [EditorId] 268451058 [Version] 1048832 [Id] WindowsEditor(7,Maki) [Debug] 1 [PackageName] WindowsEditor [ProjectName] Editor" 

Player connection [22924]  * "[IP] 192.168.5.1 [Port] 0 [Flags] 2 [Guid] 268451058 [EditorId] 268451058 [Version] 1048832 [Id] WindowsEditor(7,Maki) [Debug] 1 [PackageName] WindowsEditor [ProjectName] Editor" 

Player connection [22924]  * "[IP] 172.16.13.1 [Port] 0 [Flags] 2 [Guid] 268451058 [EditorId] 268451058 [Version] 1048832 [Id] WindowsEditor(7,Maki) [Debug] 1 [PackageName] WindowsEditor [ProjectName] Editor" 

Player connection [22924]  * "[IP] 192.168.128.1 [Port] 0 [Flags] 2 [Guid] 268451058 [EditorId] 268451058 [Version] 1048832 [Id] WindowsEditor(7,Maki) [Debug] 1 [PackageName] WindowsEditor [ProjectName] Editor" 

Player connection [22924]  * "[IP] 192.168.136.175 [Port] 0 [Flags] 2 [Guid] 268451058 [EditorId] 268451058 [Version] 1048832 [Id] WindowsEditor(7,Maki) [Debug] 1 [PackageName] WindowsEditor [ProjectName] Editor" 

Player connection [22924] Host joined multi-casting on [225.0.0.222:54997]...
Player connection [22924] Host joined alternative multi-casting on [225.0.0.222:34997]...
JobSystem: Creating JobQueue using job-worker-count value 7
Input System module state changed to: Initialized.
[Physics::Module] Initialized fallback backend.
[Physics::Module] Id: 0xdecafbad
Library Redirect Path: Library/
[Physics::Module] Selected backend.
[Physics::Module] Name: PhysX
[Physics::Module] Id: 0xf2b8ea05
[Physics::Module] SDK Version: 4.1.2
[Physics::Module] Integration Version: 1.0.0
[Physics::Module] Threading Mode: Multi-Threaded
Refreshing native plugins compatible for Editor in 21.39 ms, found 2 plugins.
Preloading 0 native plugins for Editor in 0.00 ms.
Initialize engine version: 6000.0.34f1 (5ab2d9ed9190)
[Subsystems] Discovering subsystems at path C:/Program Files/Unity/Hub/Editor/6000.0.34f1/Editor/Data/Resources/UnitySubsystems
[Subsystems] Discovering subsystems at path C:/Users/hugob/Documents/Ynov/Unity/Mini_fps/Projet_Autonomie/Assets
GfxDevice: creating device client; kGfxThreadingModeNonThreaded
Direct3D:
    Version:  Direct3D 11.0 [level 11.1]
    Renderer: Intel(R) Iris(R) Xe Graphics (ID=0xa7a0)
    Vendor:   Intel
    VRAM:     8012 MB
    Driver:   31.0.101.5186
Initialize mono
Mono path[0] = 'C:/Program Files/Unity/Hub/Editor/6000.0.34f1/Editor/Data/Managed'
Mono path[1] = 'C:/Program Files/Unity/Hub/Editor/6000.0.34f1/Editor/Data/MonoBleedingEdge/lib/mono/unityjit-win32'
Mono config path = 'C:/Program Files/Unity/Hub/Editor/6000.0.34f1/Editor/Data/MonoBleedingEdge/etc'
Using monoOptions --debugger-agent=transport=dt_socket,embedding=1,server=y,suspend=n,address=127.0.0.1:56780
Begin MonoManager ReloadAssembly
Registering precompiled unity dll's ...
Register platform support module: C:/Program Files/Unity/Hub/Editor/6000.0.34f1/Editor/Data/PlaybackEngines/WindowsStandaloneSupport/UnityEditor.WindowsStandalone.Extensions.dll
Registered in 0.013092 seconds.
- Loaded All Assemblies, in  1.151 seconds
Native extension for WindowsStandalone target not found
Mono: successfully reloaded assembly
- Finished resetting the current domain, in  1.038 seconds
Domain Reload Profiling: 2179ms
	BeginReloadAssembly (415ms)
		ExecutionOrderSort (0ms)
		DisableScriptedObjects (0ms)
		BackupInstance (0ms)
		ReleaseScriptingObjects (0ms)
		CreateAndSetChildDomain (2ms)
	RebuildCommonClasses (107ms)
	RebuildNativeTypeToScriptingClass (31ms)
	initialDomainReloadingComplete (148ms)
	LoadAllAssembliesAndSetupDomain (439ms)
		LoadAssemblies (402ms)
		RebuildTransferFunctionScriptingTraits (0ms)
		AnalyzeDomain (432ms)
			TypeCache.Refresh (427ms)
				TypeCache.ScanAssembly (390ms)
			BuildScriptInfoCaches (0ms)
			ResolveRequiredComponents (1ms)
	FinalizeReload (1040ms)
		ReleaseScriptCaches (0ms)
		RebuildScriptCaches (0ms)
		SetupLoadedEditorAssemblies (947ms)
			LogAssemblyErrors (0ms)
			InitializePlatformSupportModulesInManaged (81ms)
			SetLoadedEditorAssemblies (12ms)
			BeforeProcessingInitializeOnLoad (166ms)
			ProcessInitializeOnLoadAttributes (506ms)
			ProcessInitializeOnLoadMethodAttributes (181ms)
			AfterProcessingInitializeOnLoad (0ms)
			EditorAssembliesLoaded (0ms)
		ExecutionOrderSort2 (0ms)
		AwakeInstancesAfterBackupRestoration (0ms)
========================================================================
Worker process is ready to serve import requests
Import Worker Mode flag is 0x00
Begin MonoManager ReloadAssembly
Symbol file LoadedFromMemory is not a mono symbol file
- Loaded All Assemblies, in  2.663 seconds
Refreshing native plugins compatible for Editor in 18.17 ms, found 2 plugins.
Native extension for WindowsStandalone target not found
Refreshing native plugins compatible for Editor in 18.95 ms, found 2 plugins.
[MODES] ModeService[none].Initialize
[MODES] ModeService[none].LoadModes
[MODES] Loading mode Default (0) for mode-current-id-Projet_Autonomie
Mono: successfully reloaded assembly
- Finished resetting the current domain, in  3.224 seconds
Domain Reload Profiling: 5859ms
	BeginReloadAssembly (476ms)
		ExecutionOrderSort (0ms)
		DisableScriptedObjects (18ms)
		BackupInstance (0ms)
		ReleaseScriptingObjects (0ms)
		CreateAndSetChildDomain (65ms)
	RebuildCommonClasses (106ms)
	RebuildNativeTypeToScriptingClass (37ms)
	initialDomainReloadingComplete (138ms)
	LoadAllAssembliesAndSetupDomain (1876ms)
		LoadAssemblies (1346ms)
		RebuildTransferFunctionScriptingTraits (0ms)
		AnalyzeDomain (825ms)
			TypeCache.Refresh (561ms)
				TypeCache.ScanAssembly (508ms)
			BuildScriptInfoCaches (221ms)
			ResolveRequiredComponents (32ms)
	FinalizeReload (3226ms)
		ReleaseScriptCaches (0ms)
		RebuildScriptCaches (0ms)
		SetupLoadedEditorAssemblies (2829ms)
			LogAssemblyErrors (0ms)
			InitializePlatformSupportModulesInManaged (10ms)
			SetLoadedEditorAssemblies (18ms)
			BeforeProcessingInitializeOnLoad (446ms)
			ProcessInitializeOnLoadAttributes (1630ms)
			ProcessInitializeOnLoadMethodAttributes (706ms)
			AfterProcessingInitializeOnLoad (18ms)
			EditorAssembliesLoaded (1ms)
		ExecutionOrderSort2 (0ms)
		AwakeInstancesAfterBackupRestoration (15ms)
Launched and connected shader compiler UnityShaderCompiler.exe after 0.04 seconds
Refreshing native plugins compatible for Editor in 23.44 ms, found 2 plugins.
Preloading 0 native plugins for Editor in 0.00 ms.
Unloading 232 Unused Serialized files (Serialized files now loaded: 0)
Unloading 5796 unused Assets / (3.9 MB). Loaded Objects now: 6492.
Memory consumption went from 168.5 MB to 164.6 MB.
Total: 28.687000 ms (FindLiveObjects: 1.438200 ms CreateObjectMapping: 0.998700 ms MarkObjects: 21.794600 ms  DeleteObjects: 4.452300 ms)

========================================================================
Received Import Request.
  Time since last request: 6418.013169 seconds.
  path: Assets/Game/FPS/Prefabs/Level/Dungeon/Dun_Corner.prefab
  artifactKey: Guid(1357d534d67e44349a4b7c67840165c7) Importer(815301076,1909f56bfc062723c751e8b465ee728b)
Start importing Assets/Game/FPS/Prefabs/Level/Dungeon/Dun_Corner.prefab using Guid(1357d534d67e44349a4b7c67840165c7) Importer(815301076,1909f56bfc062723c751e8b465ee728b) (PreviewImporter) -> (artifact id: 'd429d1ef62a21ca59667bc397abbe065') in 1.3497198 seconds
Number of updated asset objects reloaded before import = 0Number of asset objects unloaded after import = 164

========================================================================
Received Import Request.
  Time since last request: 0.000073 seconds.
  path: Packages/com.unity.render-pipelines.core/Runtime/Debugging/Prefabs/Widgets/DebugUIUIntField.prefab
  artifactKey: Guid(f22bcc84a5f4a1944b075a2c4ac71493) Importer(815301076,1909f56bfc062723c751e8b465ee728b)
Start importing Packages/com.unity.render-pipelines.core/Runtime/Debugging/Prefabs/Widgets/DebugUIUIntField.prefab using Guid(f22bcc84a5f4a1944b075a2c4ac71493) Importer(815301076,1909f56bfc062723c751e8b465ee728b) (PreviewImporter) -> (artifact id: '0a02a866d309223cb3f81cfe2afc6300') in 0.025626 seconds
Number of updated asset objects reloaded before import = 0Number of asset objects unloaded after import = 37

========================================================================
Received Import Request.
  Time since last request: 0.000079 seconds.
  path: Assets/Game/FPS/Prefabs/Level/Floors/Floor_HalfIndented.prefab
  artifactKey: Guid(f0b642223a6a4d549bb9882da04969c7) Importer(815301076,1909f56bfc062723c751e8b465ee728b)
Start importing Assets/Game/FPS/Prefabs/Level/Floors/Floor_HalfIndented.prefab using Guid(f0b642223a6a4d549bb9882da04969c7) Importer(815301076,1909f56bfc062723c751e8b465ee728b) (PreviewImporter) -> (artifact id: 'f56c7622ff0fedebe0d45994eff9fb26') in 0.0473581 seconds
Number of updated asset objects reloaded before import = 0Number of asset objects unloaded after import = 19

========================================================================
Received Import Request.
  Time since last request: 0.000044 seconds.
  path: Assets/Game/FPS/Prefabs/Level/Dungeon/Dun_Cross.prefab
  artifactKey: Guid(a154559da8c0da24b98c1eaa7649c853) Importer(815301076,1909f56bfc062723c751e8b465ee728b)
Start importing Assets/Game/FPS/Prefabs/Level/Dungeon/Dun_Cross.prefab using Guid(a154559da8c0da24b98c1eaa7649c853) Importer(815301076,1909f56bfc062723c751e8b465ee728b) (PreviewImporter) -> (artifact id: 'bbe7a78a359fc1de147434449b30cdab') in 0.0533723 seconds
Number of updated asset objects reloaded before import = 0Number of asset objects unloaded after import = 433

========================================================================
Received Import Request.
  Time since last request: 0.000131 seconds.
  path: Assets/Game/FPS/Prefabs/Level/Dungeon/Dun_Hall_Corner.prefab
  artifactKey: Guid(e523504ee4a69944d86007881a6784b2) Importer(815301076,1909f56bfc062723c751e8b465ee728b)
Start importing Assets/Game/FPS/Prefabs/Level/Dungeon/Dun_Hall_Corner.prefab using Guid(e523504ee4a69944d86007881a6784b2) Importer(815301076,1909f56bfc062723c751e8b465ee728b) (PreviewImporter) -> (artifact id: '7fccf860ada475173fa809ae6dfa7950') in 0.0507029 seconds
Number of updated asset objects reloaded before import = 0Number of asset objects unloaded after import = 343

========================================================================
Received Import Request.
  Time since last request: 0.000069 seconds.
  path: Packages/com.unity.render-pipelines.core/Runtime/Debugging/Prefabs/Widgets/DebugUIValueTuple.prefab
  artifactKey: Guid(a2148203dd960814ca5db0c293ceda35) Importer(815301076,1909f56bfc062723c751e8b465ee728b)
Start importing Packages/com.unity.render-pipelines.core/Runtime/Debugging/Prefabs/Widgets/DebugUIValueTuple.prefab using Guid(a2148203dd960814ca5db0c293ceda35) Importer(815301076,1909f56bfc062723c751e8b465ee728b) (PreviewImporter) -> (artifact id: '48382a07985c9b33dd5375e68252604a') in 0.008245 seconds
Number of updated asset objects reloaded before import = 0Number of asset objects unloaded after import = 15

========================================================================
Received Import Request.
  Time since last request: 0.000049 seconds.
  path: Packages/com.unity.render-pipelines.core/Runtime/Debugging/Prefabs/Widgets/DebugUIHBox.prefab
  artifactKey: Guid(f7f5e36797cf0c1408561665c67b179b) Importer(815301076,1909f56bfc062723c751e8b465ee728b)
Start importing Packages/com.unity.render-pipelines.core/Runtime/Debugging/Prefabs/Widgets/DebugUIHBox.prefab using Guid(f7f5e36797cf0c1408561665c67b179b) Importer(815301076,1909f56bfc062723c751e8b465ee728b) (PreviewImporter) -> (artifact id: 'e38103df6ad15552589829ea198b1956') in 0.0091191 seconds
Number of updated asset objects reloaded before import = 0Number of asset objects unloaded after import = 8

========================================================================
Received Import Request.
  Time since last request: 0.000052 seconds.
  path: Assets/Game/FPS/Prefabs/Enemies/Enemy_HoverBot.prefab
  artifactKey: Guid(25a1b0efadb966e44889fce712c8ff8d) Importer(815301076,1909f56bfc062723c751e8b465ee728b)
Start importing Assets/Game/FPS/Prefabs/Enemies/Enemy_HoverBot.prefab using Guid(25a1b0efadb966e44889fce712c8ff8d) Importer(815301076,1909f56bfc062723c751e8b465ee728b) (PreviewImporter)Refreshing native plugins compatible for Editor in 21.93 ms, found 2 plugins.
Preloading 0 native plugins for Editor in 0.00 ms.
 -> (artifact id: 'e394fa56c4186190d10b2ab755dba281') in 0.6899563 seconds
Number of updated asset objects reloaded before import = 0Number of asset objects unloaded after import = 457

========================================================================
Received Import Request.
  Time since last request: 14.095438 seconds.
  path: Assets/Game/FPS/Prefabs/UI/InGameMenu.prefab
  artifactKey: Guid(08dec1e68a552c649889571e90fa7b2d) Importer(815301076,1909f56bfc062723c751e8b465ee728b)
Start importing Assets/Game/FPS/Prefabs/UI/InGameMenu.prefab using Guid(08dec1e68a552c649889571e90fa7b2d) Importer(815301076,1909f56bfc062723c751e8b465ee728b) (PreviewImporter) -> (artifact id: '4367512c5cfa4020a13f332e74687a09') in 0.0972467 seconds
Number of updated asset objects reloaded before import = 0Number of asset objects unloaded after import = 167

========================================================================
Received Import Request.
  Time since last request: 0.000057 seconds.
  path: Assets/Game/FPS/Prefabs/PBObjects/Floors/PBBasic_Floor.prefab
  artifactKey: Guid(355094681dd488e4bb13ff49bbcee919) Importer(815301076,1909f56bfc062723c751e8b465ee728b)
Start importing Assets/Game/FPS/Prefabs/PBObjects/Floors/PBBasic_Floor.prefab using Guid(355094681dd488e4bb13ff49bbcee919) Importer(815301076,1909f56bfc062723c751e8b465ee728b) (PreviewImporter) -> (artifact id: '5c5460ead1e9ad3a512958a2f8cac234') in 0.0112595 seconds
Number of updated asset objects reloaded before import = 0Number of asset objects unloaded after import = 28

========================================================================
Received Import Request.
  Time since last request: 0.000089 seconds.
  path: Assets/Game/FPS/Prefabs/Level/MainLvl/Section3/Open_Ceiling.prefab
  artifactKey: Guid(c0ceff72c62fad8459244ab9aa143285) Importer(815301076,1909f56bfc062723c751e8b465ee728b)
Start importing Assets/Game/FPS/Prefabs/Level/MainLvl/Section3/Open_Ceiling.prefab using Guid(c0ceff72c62fad8459244ab9aa143285) Importer(815301076,1909f56bfc062723c751e8b465ee728b) (PreviewImporter) -> (artifact id: '36f5913efcd7ca0ce755c124c6538269') in 0.2012505 seconds
Number of updated asset objects reloaded before import = 0Number of asset objects unloaded after import = 1766

========================================================================
Received Import Request.
  Time since last request: 0.000058 seconds.
  path: Assets/Game/ModAssets/Prefabs/Hat Prefabs/PartyHat.prefab
  artifactKey: Guid(332a6a14085b74fdd9c8f81357a61185) Importer(815301076,1909f56bfc062723c751e8b465ee728b)
Start importing Assets/Game/ModAssets/Prefabs/Hat Prefabs/PartyHat.prefab using Guid(332a6a14085b74fdd9c8f81357a61185) Importer(815301076,1909f56bfc062723c751e8b465ee728b) (PreviewImporter) -> (artifact id: 'ab0033e9bbe6e6a116a2f483455da52f') in 1.7179193 seconds
Number of updated asset objects reloaded before import = 0Number of asset objects unloaded after import = 29

========================================================================
Received Import Request.
  Time since last request: 288.107063 seconds.
  path: Assets/Game/FPS/Prefabs/PBObjects/Walls/PBWall_4m.prefab
  artifactKey: Guid(4e6a92c78485cca4397c4a26d4367682) Importer(815301076,1909f56bfc062723c751e8b465ee728b)
Start importing Assets/Game/FPS/Prefabs/PBObjects/Walls/PBWall_4m.prefab using Guid(4e6a92c78485cca4397c4a26d4367682) Importer(815301076,1909f56bfc062723c751e8b465ee728b) (PreviewImporter) -> (artifact id: '87bb8b8b6d8a31702658d8d8adeba087') in 0.0131024 seconds
Number of updated asset objects reloaded before import = 0Number of asset objects unloaded after import = 28

========================================================================
Received Import Request.
  Time since last request: 0.000098 seconds.
  path: Assets/Game/FPS/Prefabs/Pickups/Pickup_Blaster.prefab
  artifactKey: Guid(fe0bc5bbccc19ef47a15b81c0abbb779) Importer(815301076,1909f56bfc062723c751e8b465ee728b)
Start importing Assets/Game/FPS/Prefabs/Pickups/Pickup_Blaster.prefab using Guid(fe0bc5bbccc19ef47a15b81c0abbb779) Importer(815301076,1909f56bfc062723c751e8b465ee728b) (PreviewImporter)Refreshing native plugins compatible for Editor in 25.00 ms, found 2 plugins.
Preloading 0 native plugins for Editor in 0.00 ms.
 -> (artifact id: 'e150dfac63dd18fe0db28096bbec2adb') in 0.2662319 seconds
Number of updated asset objects reloaded before import = 0Number of asset objects unloaded after import = 267

========================================================================
Received Import Request.
  Time since last request: 0.000088 seconds.
  path: Assets/Game/FPS/Prefabs/Level/Rooms/Room_Altar.prefab
  artifactKey: Guid(115dbd335d944e049a14c0345b664cf6) Importer(815301076,1909f56bfc062723c751e8b465ee728b)
Start importing Assets/Game/FPS/Prefabs/Level/Rooms/Room_Altar.prefab using Guid(115dbd335d944e049a14c0345b664cf6) Importer(815301076,1909f56bfc062723c751e8b465ee728b) (PreviewImporter) -> (artifact id: '215783ac453b095ee0a7554ed68be89f') in 0.0781173 seconds
Number of updated asset objects reloaded before import = 0Number of asset objects unloaded after import = 815

========================================================================
Received Import Request.
  Time since last request: 0.000060 seconds.
  path: Assets/Game/FPS/Prefabs/Level/Stairwell/Stairs_Large.prefab
  artifactKey: Guid(757acbc2a10061e448acfff833eae77b) Importer(815301076,1909f56bfc062723c751e8b465ee728b)
Start importing Assets/Game/FPS/Prefabs/Level/Stairwell/Stairs_Large.prefab using Guid(757acbc2a10061e448acfff833eae77b) Importer(815301076,1909f56bfc062723c751e8b465ee728b) (PreviewImporter) -> (artifact id: 'f2f153b4da7292d95c10026c485f729a') in 0.0526345 seconds
Number of updated asset objects reloaded before import = 0Number of asset objects unloaded after import = 143

========================================================================
Received Import Request.
  Time since last request: 0.000054 seconds.
  path: Assets/Game/FPS/Prefabs/VFX/VFX_DiskRange.prefab
  artifactKey: Guid(bbe6bdea7cd168e428a309e9eb2e728b) Importer(815301076,1909f56bfc062723c751e8b465ee728b)
Start importing Assets/Game/FPS/Prefabs/VFX/VFX_DiskRange.prefab using Guid(bbe6bdea7cd168e428a309e9eb2e728b) Importer(815301076,1909f56bfc062723c751e8b465ee728b) (PreviewImporter) -> (artifact id: '2a0e36fa601d3bfed3314b3709264259') in 0.054233 seconds
Number of updated asset objects reloaded before import = 0Number of asset objects unloaded after import = 28

========================================================================
Received Import Request.
  Time since last request: 0.000116 seconds.
  path: Assets/Game/FPS/Prefabs/VFX/VFX_Angry.prefab
  artifactKey: Guid(201cf67a1fffda346bf368bb1008d260) Importer(815301076,1909f56bfc062723c751e8b465ee728b)
Start importing Assets/Game/FPS/Prefabs/VFX/VFX_Angry.prefab using Guid(201cf67a1fffda346bf368bb1008d260) Importer(815301076,1909f56bfc062723c751e8b465ee728b) (PreviewImporter) -> (artifact id: '7dbb6607e71d043546118b264a5f15a9') in 0.041552 seconds
Number of updated asset objects reloaded before import = 0Number of asset objects unloaded after import = 6

========================================================================
Received Import Request.
  Time since last request: 0.000049 seconds.
  path: Assets/Game/FPS/Prefabs/VFX/VFX_Dust.prefab
  artifactKey: Guid(ecdbb7f81f59b934cb72306019ee7a41) Importer(815301076,1909f56bfc062723c751e8b465ee728b)
Start importing Assets/Game/FPS/Prefabs/VFX/VFX_Dust.prefab using Guid(ecdbb7f81f59b934cb72306019ee7a41) Importer(815301076,1909f56bfc062723c751e8b465ee728b) (PreviewImporter) -> (artifact id: '45d808d7900cdd1cb72f5aebe406c543') in 0.0429144 seconds
Number of updated asset objects reloaded before import = 0Number of asset objects unloaded after import = 7

========================================================================
Received Import Request.
  Time since last request: 0.000079 seconds.
  path: Assets/Game/FPS/Prefabs/Level/Rooms/Room_Small_T.prefab
  artifactKey: Guid(75bc57e6a3cbdf24fabc12b67cc778e6) Importer(815301076,1909f56bfc062723c751e8b465ee728b)
Start importing Assets/Game/FPS/Prefabs/Level/Rooms/Room_Small_T.prefab using Guid(75bc57e6a3cbdf24fabc12b67cc778e6) Importer(815301076,1909f56bfc062723c751e8b465ee728b) (PreviewImporter) -> (artifact id: '825c6979d2b2df2f33beb113d4ba546d') in 0.0577841 seconds
Number of updated asset objects reloaded before import = 0Number of asset objects unloaded after import = 569

========================================================================
Received Import Request.
  Time since last request: 0.000070 seconds.
  path: Assets/Game/FPS/Prefabs/VFX/VFX_LazerSparksRed.prefab
  artifactKey: Guid(4d48b487f11e62940a978c7c0c0cbcb4) Importer(815301076,1909f56bfc062723c751e8b465ee728b)
Start importing Assets/Game/FPS/Prefabs/VFX/VFX_LazerSparksRed.prefab using Guid(4d48b487f11e62940a978c7c0c0cbcb4) Importer(815301076,1909f56bfc062723c751e8b465ee728b) (PreviewImporter) -> (artifact id: '69ec992f94078a0768de0e271e57d8b2') in 0.0394626 seconds
Number of updated asset objects reloaded before import = 0Number of asset objects unloaded after import = 7

========================================================================
Received Import Request.
  Time since last request: 0.000052 seconds.
  path: Assets/Game/FPS/Prefabs/Level/Walls/Wall_DoorLarge.prefab
  artifactKey: Guid(91732847dbb8d924185dc7bf4516509c) Importer(815301076,1909f56bfc062723c751e8b465ee728b)
Start importing Assets/Game/FPS/Prefabs/Level/Walls/Wall_DoorLarge.prefab using Guid(91732847dbb8d924185dc7bf4516509c) Importer(815301076,1909f56bfc062723c751e8b465ee728b) (PreviewImporter) -> (artifact id: 'e5558a3efbbeb691f45a5020d5a07787') in 0.0393772 seconds
Number of updated asset objects reloaded before import = 0Number of asset objects unloaded after import = 18

========================================================================
Received Import Request.
  Time since last request: 0.000049 seconds.
  path: Assets/Game/FPS/Prefabs/Level/BaseObjects/Wall_Window_Mesh.prefab
  artifactKey: Guid(f40315d44d0aa1744adca0bd971f7293) Importer(815301076,1909f56bfc062723c751e8b465ee728b)
Start importing Assets/Game/FPS/Prefabs/Level/BaseObjects/Wall_Window_Mesh.prefab using Guid(f40315d44d0aa1744adca0bd971f7293) Importer(815301076,1909f56bfc062723c751e8b465ee728b) (PreviewImporter) -> (artifact id: '077ff7736ca11c93075b397a13d2ad6f') in 0.0409518 seconds
Number of updated asset objects reloaded before import = 0Number of asset objects unloaded after import = 9

========================================================================
Received Import Request.
  Time since last request: 0.000082 seconds.
  path: Assets/Game/FPS/Prefabs/VFX/VFX_GunCylinder_Secondary Variant.prefab
  artifactKey: Guid(40252b3901782c347a990f90ce729706) Importer(815301076,1909f56bfc062723c751e8b465ee728b)
Start importing Assets/Game/FPS/Prefabs/VFX/VFX_GunCylinder_Secondary Variant.prefab using Guid(40252b3901782c347a990f90ce729706) Importer(815301076,1909f56bfc062723c751e8b465ee728b) (PreviewImporter) -> (artifact id: '4d96d0b0647fb0ba57d102480ec5b690') in 0.0516738 seconds
Number of updated asset objects reloaded before import = 0Number of asset objects unloaded after import = 16

========================================================================
Received Import Request.
  Time since last request: 0.000048 seconds.
  path: Assets/Game/FPS/Prefabs/VFX/VFX_OverheatPrimary.prefab
  artifactKey: Guid(21c8bd050f24da54285f8a3987ee6253) Importer(815301076,1909f56bfc062723c751e8b465ee728b)
Start importing Assets/Game/FPS/Prefabs/VFX/VFX_OverheatPrimary.prefab using Guid(21c8bd050f24da54285f8a3987ee6253) Importer(815301076,1909f56bfc062723c751e8b465ee728b) (PreviewImporter) -> (artifact id: 'd0a70c2fa0efd0067b5332172dceebf0') in 0.0410912 seconds
Number of updated asset objects reloaded before import = 0Number of asset objects unloaded after import = 8

========================================================================
Received Import Request.
  Time since last request: 0.000083 seconds.
  path: Assets/Game/FPS/Prefabs/VFX/VFX_JetpackTrail.prefab
  artifactKey: Guid(7468cd18030a0204ab08baf7ac36ff1e) Importer(815301076,1909f56bfc062723c751e8b465ee728b)
Start importing Assets/Game/FPS/Prefabs/VFX/VFX_JetpackTrail.prefab using Guid(7468cd18030a0204ab08baf7ac36ff1e) Importer(815301076,1909f56bfc062723c751e8b465ee728b) (PreviewImporter) -> (artifact id: 'f9b3c911595f1f6d951ee0758857adce') in 0.0647651 seconds
Number of updated asset objects reloaded before import = 0Number of asset objects unloaded after import = 8

========================================================================
Received Import Request.
  Time since last request: 0.000067 seconds.
  path: Assets/Game/FPS/Prefabs/Level/Signs/Sign_Diamond.prefab
  artifactKey: Guid(a7566d85b04856b42a956c9b162ee747) Importer(815301076,1909f56bfc062723c751e8b465ee728b)
Start importing Assets/Game/FPS/Prefabs/Level/Signs/Sign_Diamond.prefab using Guid(a7566d85b04856b42a956c9b162ee747) Importer(815301076,1909f56bfc062723c751e8b465ee728b) (PreviewImporter) -> (artifact id: 'e25dcc34c88a2cf2c07fc42a3f73b5bd') in 0.0423447 seconds
Number of updated asset objects reloaded before import = 0Number of asset objects unloaded after import = 8

========================================================================
Received Import Request.
  Time since last request: 0.000082 seconds.
  path: Assets/Game/FPS/Prefabs/Level/Walls/Wall_Window.prefab
  artifactKey: Guid(726c5e13e3c5f3144bf1cabe65f5a638) Importer(815301076,1909f56bfc062723c751e8b465ee728b)
Start importing Assets/Game/FPS/Prefabs/Level/Walls/Wall_Window.prefab using Guid(726c5e13e3c5f3144bf1cabe65f5a638) Importer(815301076,1909f56bfc062723c751e8b465ee728b) (PreviewImporter) -> (artifact id: 'e30c28d98fab6c989085a819830ff329') in 0.0399799 seconds
Number of updated asset objects reloaded before import = 0Number of asset objects unloaded after import = 18

========================================================================
Received Import Request.
  Time since last request: 0.000067 seconds.
  path: Assets/Game/FPS/Prefabs/VFX/VFX_GunCylinder.prefab
  artifactKey: Guid(fa498bfcbbc9707458a2c75334b150c8) Importer(815301076,1909f56bfc062723c751e8b465ee728b)
Start importing Assets/Game/FPS/Prefabs/VFX/VFX_GunCylinder.prefab using Guid(fa498bfcbbc9707458a2c75334b150c8) Importer(815301076,1909f56bfc062723c751e8b465ee728b) (PreviewImporter) -> (artifact id: '2c727b1f830b71172e3ae2df51c70ee5') in 0.0439286 seconds
Number of updated asset objects reloaded before import = 0Number of asset objects unloaded after import = 9

========================================================================
Received Import Request.
  Time since last request: 0.000105 seconds.
  path: Packages/com.unity.learn.iet-framework/Tests/Editor/TestPrefab2.prefab
  artifactKey: Guid(a8c38beafbe4c408d97dfd6e0f781dae) Importer(815301076,1909f56bfc062723c751e8b465ee728b)
Start importing Packages/com.unity.learn.iet-framework/Tests/Editor/TestPrefab2.prefab using Guid(a8c38beafbe4c408d97dfd6e0f781dae) Importer(815301076,1909f56bfc062723c751e8b465ee728b) (PreviewImporter) -> (artifact id: '63f0c3e9e359e953a1fb410005ea05e0') in 0.0053822 seconds
Number of updated asset objects reloaded before import = 0Number of asset objects unloaded after import = 4

========================================================================
Received Import Request.
  Time since last request: 0.000055 seconds.
  path: Assets/Game/FPS/Prefabs/Level/Ramps/Ramp_8m.prefab
  artifactKey: Guid(5c72ddea2f895514baf15cd7a04249d4) Importer(815301076,1909f56bfc062723c751e8b465ee728b)
Start importing Assets/Game/FPS/Prefabs/Level/Ramps/Ramp_8m.prefab using Guid(5c72ddea2f895514baf15cd7a04249d4) Importer(815301076,1909f56bfc062723c751e8b465ee728b) (PreviewImporter) -> (artifact id: '6bfac941278ac73ecb16103abda554f3') in 0.0424681 seconds
Number of updated asset objects reloaded before import = 0Number of asset objects unloaded after import = 18

========================================================================
Received Import Request.
  Time since last request: 0.000047 seconds.
  path: Assets/Game/FPS/Prefabs/Level/Walls/Wall_Door.prefab
  artifactKey: Guid(6a26c84054df0e641b1d0f7c96d366e4) Importer(815301076,1909f56bfc062723c751e8b465ee728b)
Start importing Assets/Game/FPS/Prefabs/Level/Walls/Wall_Door.prefab using Guid(6a26c84054df0e641b1d0f7c96d366e4) Importer(815301076,1909f56bfc062723c751e8b465ee728b) (PreviewImporter) -> (artifact id: 'b4e558ea2c1a8418f6f31f2efb1fccb3') in 0.0431701 seconds
Number of updated asset objects reloaded before import = 0Number of asset objects unloaded after import = 18

========================================================================
Received Import Request.
  Time since last request: 0.000069 seconds.
  path: Packages/com.unity.learn.iet-framework/Tests/Editor/TestPrefab1.prefab
  artifactKey: Guid(e094db015e58a40a482cc8d30e011d3e) Importer(815301076,1909f56bfc062723c751e8b465ee728b)
Start importing Packages/com.unity.learn.iet-framework/Tests/Editor/TestPrefab1.prefab using Guid(e094db015e58a40a482cc8d30e011d3e) Importer(815301076,1909f56bfc062723c751e8b465ee728b) (PreviewImporter) -> (artifact id: '260729213830adea83eaae4b9b28faeb') in 0.0052941 seconds
Number of updated asset objects reloaded before import = 0Number of asset objects unloaded after import = 4

========================================================================
Received Import Request.
  Time since last request: 0.000053 seconds.
  path: Assets/Game/FPS/Prefabs/Pickups/Pickup_Jetpack.prefab
  artifactKey: Guid(d771f03a2656e194fba5a444d5a3d9e7) Importer(815301076,1909f56bfc062723c751e8b465ee728b)
Start importing Assets/Game/FPS/Prefabs/Pickups/Pickup_Jetpack.prefab using Guid(d771f03a2656e194fba5a444d5a3d9e7) Importer(815301076,1909f56bfc062723c751e8b465ee728b) (PreviewImporter) -> (artifact id: '2b069ccdec6711d4e00638ef019c77b7') in 1.6412078 seconds
Number of updated asset objects reloaded before import = 0Number of asset objects unloaded after import = 24

========================================================================
Received Import Request.
  Time since last request: 0.000047 seconds.
  path: Assets/Game/FPS/Prefabs/Pickups/Pickup_Shotgun.prefab
  artifactKey: Guid(66d579771ab0ab94a92b3411ba179621) Importer(815301076,1909f56bfc062723c751e8b465ee728b)
Start importing Assets/Game/FPS/Prefabs/Pickups/Pickup_Shotgun.prefab using Guid(66d579771ab0ab94a92b3411ba179621) Importer(815301076,1909f56bfc062723c751e8b465ee728b) (PreviewImporter)Refreshing native plugins compatible for Editor in 22.33 ms, found 2 plugins.
Preloading 0 native plugins for Editor in 0.00 ms.
 -> (artifact id: '7ca49182d96c46ce1edbaf90ea59bee4') in 0.1015092 seconds
Number of updated asset objects reloaded before import = 0Number of asset objects unloaded after import = 225

========================================================================
Received Import Request.
  Time since last request: 0.000069 seconds.
  path: Assets/Game/FPS/Prefabs/VFX/VFX_LazerSparksGreen.prefab
  artifactKey: Guid(a7d68b1a502e02a49b8efb1b86a8c931) Importer(815301076,1909f56bfc062723c751e8b465ee728b)
Start importing Assets/Game/FPS/Prefabs/VFX/VFX_LazerSparksGreen.prefab using Guid(a7d68b1a502e02a49b8efb1b86a8c931) Importer(815301076,1909f56bfc062723c751e8b465ee728b) (PreviewImporter) -> (artifact id: 'c067e3d865333819e7671e4ba95703ad') in 0.023213 seconds
Number of updated asset objects reloaded before import = 0Number of asset objects unloaded after import = 7

========================================================================
Received Import Request.
  Time since last request: 0.000041 seconds.
  path: Assets/Game/FPS/Prefabs/Level/Rooms/Room_Medium.prefab
  artifactKey: Guid(35af8bf2573f2d9458eb42510e2d6006) Importer(815301076,1909f56bfc062723c751e8b465ee728b)
Start importing Assets/Game/FPS/Prefabs/Level/Rooms/Room_Medium.prefab using Guid(35af8bf2573f2d9458eb42510e2d6006) Importer(815301076,1909f56bfc062723c751e8b465ee728b) (PreviewImporter) -> (artifact id: '4408757f194a2b28430ce7b8ed82d8f3') in 0.0541392 seconds
Number of updated asset objects reloaded before import = 0Number of asset objects unloaded after import = 659

========================================================================
Received Import Request.
  Time since last request: 0.000054 seconds.
  path: Assets/Game/FPS/Prefabs/Level/BaseObjects/Ramp_8m_Mesh.prefab
  artifactKey: Guid(01e098456aadb2c4480a8c5b62925e15) Importer(815301076,1909f56bfc062723c751e8b465ee728b)
Start importing Assets/Game/FPS/Prefabs/Level/BaseObjects/Ramp_8m_Mesh.prefab using Guid(01e098456aadb2c4480a8c5b62925e15) Importer(815301076,1909f56bfc062723c751e8b465ee728b) (PreviewImporter) -> (artifact id: 'bd42d65ff0d2670459547dc3b67c583b') in 0.0398305 seconds
Number of updated asset objects reloaded before import = 0Number of asset objects unloaded after import = 9

========================================================================
Received Import Request.
  Time since last request: 0.000057 seconds.
  path: Assets/Game/FPS/Prefabs/Level/BaseObjects/Wall_Door_Mesh.prefab
  artifactKey: Guid(81f93335543589a4f91b584e567ac59e) Importer(815301076,1909f56bfc062723c751e8b465ee728b)
Start importing Assets/Game/FPS/Prefabs/Level/BaseObjects/Wall_Door_Mesh.prefab using Guid(81f93335543589a4f91b584e567ac59e) Importer(815301076,1909f56bfc062723c751e8b465ee728b) (PreviewImporter) -> (artifact id: '33030ac16aa84d5f6244edfc673134e2') in 0.0420076 seconds
Number of updated asset objects reloaded before import = 0Number of asset objects unloaded after import = 9

========================================================================
Received Import Request.
  Time since last request: 0.000045 seconds.
  path: Assets/Game/ModAssets/Prefabs/Hat Prefabs/TopHat.prefab
  artifactKey: Guid(774a4248793f3461bb91a4fe8170cdd7) Importer(815301076,1909f56bfc062723c751e8b465ee728b)
Start importing Assets/Game/ModAssets/Prefabs/Hat Prefabs/TopHat.prefab using Guid(774a4248793f3461bb91a4fe8170cdd7) Importer(815301076,1909f56bfc062723c751e8b465ee728b) (PreviewImporter) -> (artifact id: '1e7e54e34a4d62762c12d35d8c45894e') in 0.0398249 seconds
Number of updated asset objects reloaded before import = 0Number of asset objects unloaded after import = 13

========================================================================
Received Import Request.
  Time since last request: 0.000045 seconds.
  path: Assets/Game/FPS/Prefabs/Level/Signs/Sign_Pyramid_Green.prefab
  artifactKey: Guid(bee7071e13881aa42803589be7b78c73) Importer(815301076,1909f56bfc062723c751e8b465ee728b)
Start importing Assets/Game/FPS/Prefabs/Level/Signs/Sign_Pyramid_Green.prefab using Guid(bee7071e13881aa42803589be7b78c73) Importer(815301076,1909f56bfc062723c751e8b465ee728b) (PreviewImporter) -> (artifact id: '965bec3590dc04febe086012d20ad23a') in 0.0426666 seconds
Number of updated asset objects reloaded before import = 0Number of asset objects unloaded after import = 8

========================================================================
Received Import Request.
  Time since last request: 488.213144 seconds.
  path: Assets/Abandoned World/Wood Box Free/Prefabs/SM_CardboardBox_2.prefab
  artifactKey: Guid(f1e89f4c2531c3f4d949c0f0f7f86fb8) Importer(815301076,1909f56bfc062723c751e8b465ee728b)
Start importing Assets/Abandoned World/Wood Box Free/Prefabs/SM_CardboardBox_2.prefab using Guid(f1e89f4c2531c3f4d949c0f0f7f86fb8) Importer(815301076,1909f56bfc062723c751e8b465ee728b) (PreviewImporter) -> (artifact id: '220c346456a29247e77e142f4e2149ee') in 0.2827073 seconds
Number of updated asset objects reloaded before import = 0Number of asset objects unloaded after import = 19

========================================================================
Received Import Request.
  Time since last request: 0.000078 seconds.
  path: Assets/Abandoned World/Wood Box Free/Prefabs/SM_CardboardBox_3.prefab
  artifactKey: Guid(a1e3305bf9bf5434abc52cd1f049776a) Importer(815301076,1909f56bfc062723c751e8b465ee728b)
Start importing Assets/Abandoned World/Wood Box Free/Prefabs/SM_CardboardBox_3.prefab using Guid(a1e3305bf9bf5434abc52cd1f049776a) Importer(815301076,1909f56bfc062723c751e8b465ee728b) (PreviewImporter) -> (artifact id: 'bec45b0ed7e54cf575675e7194231622') in 0.1863886 seconds
Number of updated asset objects reloaded before import = 0Number of asset objects unloaded after import = 19

========================================================================
Received Import Request.
  Time since last request: 0.000120 seconds.
  path: Assets/Abandoned World/Wood Box Free/Prefabs/SM_WoodBox_9.prefab
  artifactKey: Guid(8de14dc402be4674c990231d9d9061ed) Importer(815301076,1909f56bfc062723c751e8b465ee728b)
Start importing Assets/Abandoned World/Wood Box Free/Prefabs/SM_WoodBox_9.prefab using Guid(8de14dc402be4674c990231d9d9061ed) Importer(815301076,1909f56bfc062723c751e8b465ee728b) (PreviewImporter) -> (artifact id: '50405147d7b65d012eb4f6046a1fbabd') in 0.2003762 seconds
Number of updated asset objects reloaded before import = 0Number of asset objects unloaded after import = 19

========================================================================
Received Import Request.
  Time since last request: 0.000080 seconds.
  path: Assets/Abandoned World/Wood Box Free/Prefabs/SM_WoodBox_5.prefab
  artifactKey: Guid(18fe7aa82f835d44ca47998f257ab79d) Importer(815301076,1909f56bfc062723c751e8b465ee728b)
Start importing Assets/Abandoned World/Wood Box Free/Prefabs/SM_WoodBox_5.prefab using Guid(18fe7aa82f835d44ca47998f257ab79d) Importer(815301076,1909f56bfc062723c751e8b465ee728b) (PreviewImporter) -> (artifact id: 'dc9bfa8434f448dd75ee3ce213672d24') in 0.1059981 seconds
Number of updated asset objects reloaded before import = 0Number of asset objects unloaded after import = 19

========================================================================
Received Import Request.
  Time since last request: 0.000093 seconds.
  path: Assets/Abandoned World/Wood Box Free/Prefabs/SM_Coil.prefab
  artifactKey: Guid(706810835ac00d944b34a4fff52b0897) Importer(815301076,1909f56bfc062723c751e8b465ee728b)
Start importing Assets/Abandoned World/Wood Box Free/Prefabs/SM_Coil.prefab using Guid(706810835ac00d944b34a4fff52b0897) Importer(815301076,1909f56bfc062723c751e8b465ee728b) (PreviewImporter) -> (artifact id: '18fb724dce2b292987a3438fc90fe333') in 0.1854702 seconds
Number of updated asset objects reloaded before import = 0Number of asset objects unloaded after import = 19

========================================================================
Received Import Request.
  Time since last request: 0.000091 seconds.
  path: Assets/Abandoned World/Wood Box Free/Prefabs/SM_WoodBox_3.prefab
  artifactKey: Guid(867e4c47bf8b57d488a3e60bab968923) Importer(815301076,1909f56bfc062723c751e8b465ee728b)
Start importing Assets/Abandoned World/Wood Box Free/Prefabs/SM_WoodBox_3.prefab using Guid(867e4c47bf8b57d488a3e60bab968923) Importer(815301076,1909f56bfc062723c751e8b465ee728b) (PreviewImporter) -> (artifact id: 'f4decdf5c54deb902d928c8a22004416') in 0.080873 seconds
Number of updated asset objects reloaded before import = 0Number of asset objects unloaded after import = 19

========================================================================
Received Import Request.
  Time since last request: 0.000068 seconds.
  path: Assets/Abandoned World/Wood Box Free/Prefabs/SM_WoodBox_4.prefab
  artifactKey: Guid(a89288d05164ef34da18b38197719a04) Importer(815301076,1909f56bfc062723c751e8b465ee728b)
Start importing Assets/Abandoned World/Wood Box Free/Prefabs/SM_WoodBox_4.prefab using Guid(a89288d05164ef34da18b38197719a04) Importer(815301076,1909f56bfc062723c751e8b465ee728b) (PreviewImporter) -> (artifact id: '638e5b47cd8fe31d1956e291bca8233e') in 0.0704962 seconds
Number of updated asset objects reloaded before import = 0Number of asset objects unloaded after import = 19

Editor requested this worker to shutdown with reason: Scaling down because of idle timeout
AssetImportWorker is now disconnected from the server
Process exiting
Exiting without the bug reporter. Application will terminate with return code 0