Using pre-set license
Built from '6000.0/staging' branch; Version is '6000.0.34f1 (5ab2d9ed9190) revision 5944025'; Using compiler version '193933523'; Build Type 'Release'
OS: 'Windows 11  (10.0.26100) 64bit Core' Language: 'fr' Physical Memory: 16024 MB
BatchMode: 1, IsHumanControllingUs: 0, StartBugReporterOnCrash: 0, Is64bit: 1, IsPro: 1

COMMAND LINE ARGUMENTS:
C:\Program Files\Unity\Hub\Editor\6000.0.34f1\Editor\Unity.exe
-adb2
-batchMode
-noUpm
-name
AssetImportWorker2
-projectPath
C:/Users/hugob/Documents/Ynov/Unity/Mini_fps/Projet_Autonomie
-logFile
Logs/AssetImportWorker2.log
-srvPort
44080
-job-worker-count
7
-background-job-worker-count
8
-gc-helper-count
1
Successfully changed project path to: C:/Users/hugob/Documents/Ynov/Unity/Mini_fps/Projet_Autonomie
C:/Users/hugob/Documents/Ynov/Unity/Mini_fps/Projet_Autonomie
[UnityMemory] Configuration Parameters - Can be set up in boot.config
    "memorysetup-bucket-allocator-granularity=16"
    "memorysetup-bucket-allocator-bucket-count=8"
    "memorysetup-bucket-allocator-block-size=33554432"
    "memorysetup-bucket-allocator-block-count=8"
    "memorysetup-main-allocator-block-size=16777216"
    "memorysetup-thread-allocator-block-size=16777216"
    "memorysetup-gfx-main-allocator-block-size=16777216"
    "memorysetup-gfx-thread-allocator-block-size=16777216"
    "memorysetup-cache-allocator-block-size=4194304"
    "memorysetup-typetree-allocator-block-size=2097152"
    "memorysetup-profiler-bucket-allocator-granularity=16"
    "memorysetup-profiler-bucket-allocator-bucket-count=8"
    "memorysetup-profiler-bucket-allocator-block-size=33554432"
    "memorysetup-profiler-bucket-allocator-block-count=8"
    "memorysetup-profiler-allocator-block-size=16777216"
    "memorysetup-profiler-editor-allocator-block-size=1048576"
    "memorysetup-temp-allocator-size-main=16777216"
    "memorysetup-job-temp-allocator-block-size=2097152"
    "memorysetup-job-temp-allocator-block-size-background=1048576"
    "memorysetup-job-temp-allocator-reduction-small-platforms=262144"
    "memorysetup-allocator-temp-initial-block-size-main=262144"
    "memorysetup-allocator-temp-initial-block-size-worker=262144"
    "memorysetup-temp-allocator-size-background-worker=32768"
    "memorysetup-temp-allocator-size-job-worker=262144"
    "memorysetup-temp-allocator-size-preload-manager=33554432"
    "memorysetup-temp-allocator-size-nav-mesh-worker=65536"
    "memorysetup-temp-allocator-size-audio-worker=65536"
    "memorysetup-temp-allocator-size-cloud-worker=32768"
    "memorysetup-temp-allocator-size-gi-baking-worker=262144"
    "memorysetup-temp-allocator-size-gi-baking-worker=262144"
    "memorysetup-temp-allocator-size-gi-baking-worker=262144"
    "memorysetup-temp-allocator-size-gi-baking-worker=262144"
    "memorysetup-temp-allocator-size-gi-baking-worker=262144"
    "memorysetup-temp-allocator-size-gfx=262144"
Player connection [3180]  Target information:

Player connection [3180]  * "[IP] 192.168.1.1 [Port] 0 [Flags] 2 [Guid] 3806836862 [EditorId] 3806836862 [Version] 1048832 [Id] WindowsEditor(7,Maki) [Debug] 1 [PackageName] WindowsEditor [ProjectName] Editor" 

Player connection [3180]  * "[IP] 192.168.56.1 [Port] 0 [Flags] 2 [Guid] 3806836862 [EditorId] 3806836862 [Version] 1048832 [Id] WindowsEditor(7,Maki) [Debug] 1 [PackageName] WindowsEditor [ProjectName] Editor" 

Player connection [3180]  * "[IP] 192.168.5.1 [Port] 0 [Flags] 2 [Guid] 3806836862 [EditorId] 3806836862 [Version] 1048832 [Id] WindowsEditor(7,Maki) [Debug] 1 [PackageName] WindowsEditor [ProjectName] Editor" 

Player connection [3180]  * "[IP] 172.16.13.1 [Port] 0 [Flags] 2 [Guid] 3806836862 [EditorId] 3806836862 [Version] 1048832 [Id] WindowsEditor(7,Maki) [Debug] 1 [PackageName] WindowsEditor [ProjectName] Editor" 

Player connection [3180]  * "[IP] 192.168.128.1 [Port] 0 [Flags] 2 [Guid] 3806836862 [EditorId] 3806836862 [Version] 1048832 [Id] WindowsEditor(7,Maki) [Debug] 1 [PackageName] WindowsEditor [ProjectName] Editor" 

Player connection [3180]  * "[IP] 192.168.136.175 [Port] 0 [Flags] 2 [Guid] 3806836862 [EditorId] 3806836862 [Version] 1048832 [Id] WindowsEditor(7,Maki) [Debug] 1 [PackageName] WindowsEditor [ProjectName] Editor" 

Player connection [3180] Host joined multi-casting on [225.0.0.222:54997]...
Player connection [3180] Host joined alternative multi-casting on [225.0.0.222:34997]...
JobSystem: Creating JobQueue using job-worker-count value 7
Input System module state changed to: Initialized.
[Physics::Module] Initialized fallback backend.
[Physics::Module] Id: 0xdecafbad
Library Redirect Path: Library/
[Physics::Module] Selected backend.
[Physics::Module] Name: PhysX
[Physics::Module] Id: 0xf2b8ea05
[Physics::Module] SDK Version: 4.1.2
[Physics::Module] Integration Version: 1.0.0
[Physics::Module] Threading Mode: Multi-Threaded
Refreshing native plugins compatible for Editor in 30.95 ms, found 2 plugins.
Preloading 0 native plugins for Editor in 0.00 ms.
Initialize engine version: 6000.0.34f1 (5ab2d9ed9190)
[Subsystems] Discovering subsystems at path C:/Program Files/Unity/Hub/Editor/6000.0.34f1/Editor/Data/Resources/UnitySubsystems
[Subsystems] Discovering subsystems at path C:/Users/hugob/Documents/Ynov/Unity/Mini_fps/Projet_Autonomie/Assets
GfxDevice: creating device client; kGfxThreadingModeNonThreaded
Direct3D:
    Version:  Direct3D 11.0 [level 11.1]
    Renderer: Intel(R) Iris(R) Xe Graphics (ID=0xa7a0)
    Vendor:   Intel
    VRAM:     8012 MB
    Driver:   31.0.101.5186
Initialize mono
Mono path[0] = 'C:/Program Files/Unity/Hub/Editor/6000.0.34f1/Editor/Data/Managed'
Mono path[1] = 'C:/Program Files/Unity/Hub/Editor/6000.0.34f1/Editor/Data/MonoBleedingEdge/lib/mono/unityjit-win32'
Mono config path = 'C:/Program Files/Unity/Hub/Editor/6000.0.34f1/Editor/Data/MonoBleedingEdge/etc'
Using monoOptions --debugger-agent=transport=dt_socket,embedding=1,server=y,suspend=n,address=127.0.0.1:56312
Begin MonoManager ReloadAssembly
Registering precompiled unity dll's ...
Register platform support module: C:/Program Files/Unity/Hub/Editor/6000.0.34f1/Editor/Data/PlaybackEngines/WindowsStandaloneSupport/UnityEditor.WindowsStandalone.Extensions.dll
Registered in 0.012949 seconds.
- Loaded All Assemblies, in  1.156 seconds
Native extension for WindowsStandalone target not found
Mono: successfully reloaded assembly
- Finished resetting the current domain, in  1.025 seconds
Domain Reload Profiling: 2169ms
	BeginReloadAssembly (423ms)
		ExecutionOrderSort (0ms)
		DisableScriptedObjects (0ms)
		BackupInstance (0ms)
		ReleaseScriptingObjects (0ms)
		CreateAndSetChildDomain (2ms)
	RebuildCommonClasses (105ms)
	RebuildNativeTypeToScriptingClass (31ms)
	initialDomainReloadingComplete (163ms)
	LoadAllAssembliesAndSetupDomain (422ms)
		LoadAssemblies (407ms)
		RebuildTransferFunctionScriptingTraits (0ms)
		AnalyzeDomain (415ms)
			TypeCache.Refresh (410ms)
				TypeCache.ScanAssembly (375ms)
			BuildScriptInfoCaches (0ms)
			ResolveRequiredComponents (1ms)
	FinalizeReload (1026ms)
		ReleaseScriptCaches (0ms)
		RebuildScriptCaches (0ms)
		SetupLoadedEditorAssemblies (941ms)
			LogAssemblyErrors (0ms)
			InitializePlatformSupportModulesInManaged (83ms)
			SetLoadedEditorAssemblies (12ms)
			BeforeProcessingInitializeOnLoad (165ms)
			ProcessInitializeOnLoadAttributes (501ms)
			ProcessInitializeOnLoadMethodAttributes (180ms)
			AfterProcessingInitializeOnLoad (0ms)
			EditorAssembliesLoaded (0ms)
		ExecutionOrderSort2 (0ms)
		AwakeInstancesAfterBackupRestoration (0ms)
========================================================================
Worker process is ready to serve import requests
Import Worker Mode flag is 0x00
Begin MonoManager ReloadAssembly
Symbol file LoadedFromMemory is not a mono symbol file
- Loaded All Assemblies, in  2.639 seconds
Refreshing native plugins compatible for Editor in 20.41 ms, found 2 plugins.
Native extension for WindowsStandalone target not found
Refreshing native plugins compatible for Editor in 17.16 ms, found 2 plugins.
[MODES] ModeService[none].Initialize
[MODES] ModeService[none].LoadModes
[MODES] Loading mode Default (0) for mode-current-id-Projet_Autonomie
Mono: successfully reloaded assembly
- Finished resetting the current domain, in  3.182 seconds
Domain Reload Profiling: 5779ms
	BeginReloadAssembly (491ms)
		ExecutionOrderSort (0ms)
		DisableScriptedObjects (18ms)
		BackupInstance (0ms)
		ReleaseScriptingObjects (0ms)
		CreateAndSetChildDomain (67ms)
	RebuildCommonClasses (92ms)
	RebuildNativeTypeToScriptingClass (28ms)
	initialDomainReloadingComplete (114ms)
	LoadAllAssembliesAndSetupDomain (1871ms)
		LoadAssemblies (1381ms)
		RebuildTransferFunctionScriptingTraits (0ms)
		AnalyzeDomain (809ms)
			TypeCache.Refresh (548ms)
				TypeCache.ScanAssembly (497ms)
			BuildScriptInfoCaches (213ms)
			ResolveRequiredComponents (36ms)
	FinalizeReload (3183ms)
		ReleaseScriptCaches (0ms)
		RebuildScriptCaches (0ms)
		SetupLoadedEditorAssemblies (2790ms)
			LogAssemblyErrors (0ms)
			InitializePlatformSupportModulesInManaged (6ms)
			SetLoadedEditorAssemblies (17ms)
			BeforeProcessingInitializeOnLoad (441ms)
			ProcessInitializeOnLoadAttributes (1589ms)
			ProcessInitializeOnLoadMethodAttributes (717ms)
			AfterProcessingInitializeOnLoad (19ms)
			EditorAssembliesLoaded (1ms)
		ExecutionOrderSort2 (0ms)
		AwakeInstancesAfterBackupRestoration (16ms)
Launched and connected shader compiler UnityShaderCompiler.exe after 0.04 seconds
Refreshing native plugins compatible for Editor in 19.98 ms, found 2 plugins.
Preloading 0 native plugins for Editor in 0.00 ms.
Unloading 232 Unused Serialized files (Serialized files now loaded: 0)
Unloading 5796 unused Assets / (3.7 MB). Loaded Objects now: 6492.
Memory consumption went from 170.4 MB to 166.6 MB.
Total: 24.388100 ms (FindLiveObjects: 0.803000 ms CreateObjectMapping: 0.574300 ms MarkObjects: 19.297800 ms  DeleteObjects: 3.710200 ms)

========================================================================
Received Import Request.
  Time since last request: 6417.939614 seconds.
  path: Assets/Game/FPS/Prefabs/Level/Floors/Floor_12x12.prefab
  artifactKey: Guid(9265be16246178c47aa95ef30f900b13) Importer(815301076,1909f56bfc062723c751e8b465ee728b)
Start importing Assets/Game/FPS/Prefabs/Level/Floors/Floor_12x12.prefab using Guid(9265be16246178c47aa95ef30f900b13) Importer(815301076,1909f56bfc062723c751e8b465ee728b) (PreviewImporter) -> (artifact id: 'f5459e973019fe6704db920df8ac40f1') in 1.3529966 seconds
Number of updated asset objects reloaded before import = 0Number of asset objects unloaded after import = 1417

========================================================================
Received Import Request.
  Time since last request: 0.000065 seconds.
  path: Packages/com.unity.render-pipelines.core/Runtime/Debugging/Prefabs/Widgets/DebugUIPanel.prefab
  artifactKey: Guid(daa46a58178a6ad41ae1ddc2dc7f856d) Importer(815301076,1909f56bfc062723c751e8b465ee728b)
Start importing Packages/com.unity.render-pipelines.core/Runtime/Debugging/Prefabs/Widgets/DebugUIPanel.prefab using Guid(daa46a58178a6ad41ae1ddc2dc7f856d) Importer(815301076,1909f56bfc062723c751e8b465ee728b) (PreviewImporter) -> (artifact id: '4741081807f81beed5d7164a805966f7') in 0.0447168 seconds
Number of updated asset objects reloaded before import = 0Number of asset objects unloaded after import = 98

========================================================================
Received Import Request.
  Time since last request: 0.000063 seconds.
  path: Assets/Game/FPS/Prefabs/Level/Dungeon/Dun_Hall_T.prefab
  artifactKey: Guid(57c214aeb2595e94c91dddb4ab355cc2) Importer(815301076,1909f56bfc062723c751e8b465ee728b)
Start importing Assets/Game/FPS/Prefabs/Level/Dungeon/Dun_Hall_T.prefab using Guid(57c214aeb2595e94c91dddb4ab355cc2) Importer(815301076,1909f56bfc062723c751e8b465ee728b) (PreviewImporter) -> (artifact id: 'dadc11824abd262967e5b7c71fcb7628') in 0.0573629 seconds
Number of updated asset objects reloaded before import = 0Number of asset objects unloaded after import = 483

========================================================================
Received Import Request.
  Time since last request: 0.000057 seconds.
  path: Assets/Game/FPS/Prefabs/UI/GameHUD.prefab
  artifactKey: Guid(7ff14361843237d43afc85e1cb16e295) Importer(815301076,1909f56bfc062723c751e8b465ee728b)
Start importing Assets/Game/FPS/Prefabs/UI/GameHUD.prefab using Guid(7ff14361843237d43afc85e1cb16e295) Importer(815301076,1909f56bfc062723c751e8b465ee728b) (PreviewImporter) -> (artifact id: '48c2615684621c46b5de3e2c8cfe9ef6') in 0.137801 seconds
Number of updated asset objects reloaded before import = 0Number of asset objects unloaded after import = 343

========================================================================
Received Import Request.
  Time since last request: 0.000059 seconds.
  path: Packages/com.unity.render-pipelines.core/Runtime/Debugging/Prefabs/Widgets/DebugUIToggle.prefab
  artifactKey: Guid(ce347ad101f41ee4ab5c3fbc0ea447db) Importer(815301076,1909f56bfc062723c751e8b465ee728b)
Start importing Packages/com.unity.render-pipelines.core/Runtime/Debugging/Prefabs/Widgets/DebugUIToggle.prefab using Guid(ce347ad101f41ee4ab5c3fbc0ea447db) Importer(815301076,1909f56bfc062723c751e8b465ee728b) (PreviewImporter) -> (artifact id: '2aae3811a7b9704180f91b14c05d3c2b') in 0.0118895 seconds
Number of updated asset objects reloaded before import = 0Number of asset objects unloaded after import = 24

========================================================================
Received Import Request.
  Time since last request: 0.000062 seconds.
  path: Packages/com.unity.render-pipelines.core/Runtime/Debugging/Prefabs/Resources/DebugUIPersistentCanvas.prefab
  artifactKey: Guid(f6b1a0fe75d5009449cf55ae76220e2b) Importer(815301076,1909f56bfc062723c751e8b465ee728b)
Start importing Packages/com.unity.render-pipelines.core/Runtime/Debugging/Prefabs/Resources/DebugUIPersistentCanvas.prefab using Guid(f6b1a0fe75d5009449cf55ae76220e2b) Importer(815301076,1909f56bfc062723c751e8b465ee728b) (PreviewImporter) -> (artifact id: '2c31716456773510cacd4b5b15f306b5') in 0.0099498 seconds
Number of updated asset objects reloaded before import = 0Number of asset objects unloaded after import = 29

========================================================================
Received Import Request.
  Time since last request: 0.000044 seconds.
  path: Packages/com.unity.render-pipelines.core/Runtime/Debugging/Prefabs/Widgets/DebugUIValuePersistent.prefab
  artifactKey: Guid(8778e6b26b51c6a4999b94d7cacd8b5d) Importer(815301076,1909f56bfc062723c751e8b465ee728b)
Start importing Packages/com.unity.render-pipelines.core/Runtime/Debugging/Prefabs/Widgets/DebugUIValuePersistent.prefab using Guid(8778e6b26b51c6a4999b94d7cacd8b5d) Importer(815301076,1909f56bfc062723c751e8b465ee728b) (PreviewImporter) -> (artifact id: 'be67ec5e3f73550dbbde8242fa294894') in 0.0077381 seconds
Number of updated asset objects reloaded before import = 0Number of asset objects unloaded after import = 15

========================================================================
Received Import Request.
  Time since last request: 0.000053 seconds.
  path: Assets/Game/FPS/Prefabs/Level/Floors/Floor_9x9.prefab
  artifactKey: Guid(9b7d8a511d161be4d9c32aae2e937170) Importer(815301076,1909f56bfc062723c751e8b465ee728b)
Start importing Assets/Game/FPS/Prefabs/Level/Floors/Floor_9x9.prefab using Guid(9b7d8a511d161be4d9c32aae2e937170) Importer(815301076,1909f56bfc062723c751e8b465ee728b) (PreviewImporter) -> (artifact id: '752f34519b81d5ff1c2e3fd69d8be9e4') in 0.0577177 seconds
Number of updated asset objects reloaded before import = 0Number of asset objects unloaded after import = 957

========================================================================
Received Import Request.
  Time since last request: 0.000054 seconds.
  path: Assets/Game/FPS/Prefabs/Level/MainLvl/Section2/Entry_Section.prefab
  artifactKey: Guid(02eee05f11a824a40bff1529b0c3c055) Importer(815301076,1909f56bfc062723c751e8b465ee728b)
Start importing Assets/Game/FPS/Prefabs/Level/MainLvl/Section2/Entry_Section.prefab using Guid(02eee05f11a824a40bff1529b0c3c055) Importer(815301076,1909f56bfc062723c751e8b465ee728b) (PreviewImporter) -> (artifact id: '2dc14066a3685ffacfc7907f92ebc919') in 0.1307319 seconds
Number of updated asset objects reloaded before import = 0Number of asset objects unloaded after import = 3399

========================================================================
Received Import Request.
  Time since last request: 0.000073 seconds.
  path: Assets/Game/FPS/Prefabs/Level/Floors/Floor_Indented.prefab
  artifactKey: Guid(abcb588193ebfd042bff8971a9702e8b) Importer(815301076,1909f56bfc062723c751e8b465ee728b)
Start importing Assets/Game/FPS/Prefabs/Level/Floors/Floor_Indented.prefab using Guid(abcb588193ebfd042bff8971a9702e8b) Importer(815301076,1909f56bfc062723c751e8b465ee728b) (PreviewImporter) -> (artifact id: 'd2de83805621b388c7ac699ec0118999') in 0.0474966 seconds
Number of updated asset objects reloaded before import = 0Number of asset objects unloaded after import = 19

========================================================================
Received Import Request.
  Time since last request: 0.000054 seconds.
  path: Packages/com.unity.render-pipelines.core/Runtime/Debugging/Prefabs/Widgets/DebugUIVBox.prefab
  artifactKey: Guid(ca3e294656861a64b8aeeb9f916da0a9) Importer(815301076,1909f56bfc062723c751e8b465ee728b)
Start importing Packages/com.unity.render-pipelines.core/Runtime/Debugging/Prefabs/Widgets/DebugUIVBox.prefab using Guid(ca3e294656861a64b8aeeb9f916da0a9) Importer(815301076,1909f56bfc062723c751e8b465ee728b) (PreviewImporter) -> (artifact id: 'a3da52e063e7ef3d6a9ac307c720c446') in 0.0061407 seconds
Number of updated asset objects reloaded before import = 0Number of asset objects unloaded after import = 8

========================================================================
Received Import Request.
  Time since last request: 14.230616 seconds.
  path: Assets/Game/FPS/Prefabs/Level/Steps/HighStep.prefab
  artifactKey: Guid(e3a6816b03ceb084b837f8669a888407) Importer(815301076,1909f56bfc062723c751e8b465ee728b)
Start importing Assets/Game/FPS/Prefabs/Level/Steps/HighStep.prefab using Guid(e3a6816b03ceb084b837f8669a888407) Importer(815301076,1909f56bfc062723c751e8b465ee728b) (PreviewImporter) -> (artifact id: '28087bcb135efb9d6985b7c9cfa59ece') in 0.0541869 seconds
Number of updated asset objects reloaded before import = 0Number of asset objects unloaded after import = 80

========================================================================
Received Import Request.
  Time since last request: 0.000050 seconds.
  path: Assets/Game/FPS/Prefabs/Level/MainLvl/Section1/Observatory_Steps.prefab
  artifactKey: Guid(a1d9ebebecbf99e41bf34fcd5b5e9f62) Importer(815301076,1909f56bfc062723c751e8b465ee728b)
Start importing Assets/Game/FPS/Prefabs/Level/MainLvl/Section1/Observatory_Steps.prefab using Guid(a1d9ebebecbf99e41bf34fcd5b5e9f62) Importer(815301076,1909f56bfc062723c751e8b465ee728b) (PreviewImporter) -> (artifact id: '7b2b57117e7deab35d4642968c3c4618') in 0.0627032 seconds
Number of updated asset objects reloaded before import = 0Number of asset objects unloaded after import = 580

========================================================================
Received Import Request.
  Time since last request: 0.000059 seconds.
  path: Assets/Game/FPS/Prefabs/PBObjects/Walls/PBDun_BigDoor.prefab
  artifactKey: Guid(f9c6acb4512286140ba3d80a15b53cc9) Importer(815301076,1909f56bfc062723c751e8b465ee728b)
Start importing Assets/Game/FPS/Prefabs/PBObjects/Walls/PBDun_BigDoor.prefab using Guid(f9c6acb4512286140ba3d80a15b53cc9) Importer(815301076,1909f56bfc062723c751e8b465ee728b) (PreviewImporter) -> (artifact id: 'c7b1883c66e319bad02fa8af9eef5b5b') in 0.0186798 seconds
Number of updated asset objects reloaded before import = 0Number of asset objects unloaded after import = 10

========================================================================
Received Import Request.
  Time since last request: 0.000073 seconds.
  path: Assets/Game/FPS/Prefabs/Level/MainLvl/Section1/Observatory_Hall.prefab
  artifactKey: Guid(a3c82ee5effb7634f949be4798cda766) Importer(815301076,1909f56bfc062723c751e8b465ee728b)
Start importing Assets/Game/FPS/Prefabs/Level/MainLvl/Section1/Observatory_Hall.prefab using Guid(a3c82ee5effb7634f949be4798cda766) Importer(815301076,1909f56bfc062723c751e8b465ee728b) (PreviewImporter) -> (artifact id: 'a43f8506b4b47f56fb250260b2359c34') in 0.0655772 seconds
Number of updated asset objects reloaded before import = 0Number of asset objects unloaded after import = 546

========================================================================
Received Import Request.
  Time since last request: 0.000051 seconds.
  path: Assets/Game/FPS/Prefabs/PBObjects/Ramps/PBRamp_4m.prefab
  artifactKey: Guid(a0e2ee208bb0e564493eaa5b31b76023) Importer(815301076,1909f56bfc062723c751e8b465ee728b)
Start importing Assets/Game/FPS/Prefabs/PBObjects/Ramps/PBRamp_4m.prefab using Guid(a0e2ee208bb0e564493eaa5b31b76023) Importer(815301076,1909f56bfc062723c751e8b465ee728b) (PreviewImporter) -> (artifact id: '6c820af2cd8e65cc9788b16bd14ebb03') in 0.0114751 seconds
Number of updated asset objects reloaded before import = 0Number of asset objects unloaded after import = 10

========================================================================
Received Import Request.
  Time since last request: 0.000179 seconds.
  path: Assets/Game/FPS/Prefabs/ObjectivePickupItem.prefab
  artifactKey: Guid(a5e57422b1d4cd7418d7bd6037f5a604) Importer(815301076,1909f56bfc062723c751e8b465ee728b)
Start importing Assets/Game/FPS/Prefabs/ObjectivePickupItem.prefab using Guid(a5e57422b1d4cd7418d7bd6037f5a604) Importer(815301076,1909f56bfc062723c751e8b465ee728b) (PreviewImporter) -> (artifact id: 'c290bb3089dff650bde0a426873a6167') in 0.0090523 seconds
Number of updated asset objects reloaded before import = 0Number of asset objects unloaded after import = 8

Editor requested this worker to shutdown with reason: Scaling down because of idle timeout
AssetImportWorker is now disconnected from the server
Process exiting
Exiting without the bug reporter. Application will terminate with return code 0