
=== Fri Jan 17 13:51:03 2025

Packages were changed.
Update Mode: mergeDefaultDependencies

The following packages were added:
  com.unity.modules.androidjni@1.0.0
  com.unity.modules.cloth@1.0.0
  com.unity.modules.director@1.0.0
  com.unity.modules.terrainphysics@1.0.0
  com.unity.modules.tilemap@1.0.0
  com.unity.modules.uielements@1.0.0
  com.unity.modules.umbra@1.0.0
  com.unity.modules.unityanalytics@1.0.0
  com.unity.modules.vehicles@1.0.0
  com.unity.modules.video@1.0.0
  com.unity.modules.wind@1.0.0
  com.unity.modules.accessibility@1.0.0
  com.unity.multiplayer.center@1.0.0
The following packages were updated:
  com.unity.ai.navigation from version 2.0.0 to 2.0.5
  com.unity.collab-proxy from version 2.3.1 to 2.6.0
  com.unity.learn.iet-framework from version 3.1.3 to 4.0.3
  com.unity.probuilder from version 6.0.1 to 6.0.4
  com.unity.test-framework from version 1.4.4 to 1.4.5
  com.unity.timeline from version 1.8.6 to 1.8.7

=== Fri Jan 17 13:52:02 2025

Packages were changed.
Update Mode: updateDependencies

The following packages were added:
  com.unity.2d.sprite@1.0.0
  com.unity.2d.tilemap@1.0.0
  com.unity.ads@4.4.2
  com.unity.analytics@3.8.1
  com.unity.ide.rider@3.0.31
  com.unity.ide.visualstudio@2.0.22
  com.unity.purchasing@4.12.2
  com.unity.xr.legacyinputhelpers@2.1.11
